#
# There is insufficient memory for the Java Runtime Environment to continue.
# Native memory allocation (malloc) failed to allocate 549776 bytes for Chunk::new
# Possible reasons:
#   The system is out of physical RAM or swap space
#   In 32 bit mode, the process size limit was hit
# Possible solutions:
#   Reduce memory load on the system
#   Increase physical memory or swap space
#   Check if swap backing store is full
#   Use 64 bit Java on a 64 bit OS
#   Decrease Java heap size (-Xmx/-Xms)
#   Decrease number of Java threads
#   Decrease Java thread stack sizes (-Xss)
#   Set larger code cache with -XX:ReservedCodeCacheSize=
# This output file may be truncated or incomplete.
#
#  Out of Memory Error (allocation.cpp:390), pid=2772, tid=0x00000000000014e0
#
# JRE version: OpenJDK Runtime Environment (8.0_152-b01) (build 1.8.0_152-release-1343-b01)
# Java VM: OpenJDK 64-Bit Server VM (25.152-b01 mixed mode windows-amd64 compressed oops)
# Failed to write core dump. Minidumps are not enabled by default on client versions of Windows
#

---------------  T H R E A D  ---------------

Current thread (0x000000001573c800):  JavaThread "C2 CompilerThread1" daemon [_thread_in_native, id=5344, stack(0x0000000016eb0000,0x0000000016fb0000)]

Stack: [0x0000000016eb0000,0x0000000016fb0000]
[error occurred during error reporting (printing stack bounds), id 0xc0000005]

Native frames: (J=compiled Java code, j=interpreted, Vv=VM code, C=native code)


Current CompileTask:
C2:   5705 3136       4       org.objectweb.asm.Frame::execute (2273 bytes)


---------------  P R O C E S S  ---------------

Java Threads: ( => current thread )
  0x000000001b578000 JavaThread "Memory manager" [_thread_blocked, id=648, stack(0x0000000020c20000,0x0000000020d20000)]
  0x0000000017f40000 JavaThread "Build operations Thread 4" [_thread_blocked, id=5336, stack(0x000000001f950000,0x000000001fa50000)]
  0x0000000017f47000 JavaThread "Build operations Thread 3" [_thread_blocked, id=11716, stack(0x000000001f850000,0x000000001f950000)]
  0x0000000017f44000 JavaThread "Build operations Thread 2" [_thread_blocked, id=4868, stack(0x000000001f750000,0x000000001f850000)]
  0x0000000017f42800 JavaThread "Build operations" [_thread_blocked, id=11680, stack(0x000000001f270000,0x000000001f370000)]
  0x0000000017f43000 JavaThread "Cache worker for Artifact transforms cache (C:\Users\Jackson\.gradle\caches\transforms-1)" [_thread_blocked, id=12260, stack(0x000000001f170000,0x000000001f270000)]
  0x000000001a0aa000 JavaThread "Cache worker for file hash cache (C:\Users\Jackson\AndroidSudioProjects\remote_V2\.gradle\4.6\fileHashes)" [_thread_blocked, id=6632, stack(0x000000001b300000,0x000000001b400000)]
  0x0000000018955800 JavaThread "File lock request listener" [_thread_in_native, id=12040, stack(0x000000001b200000,0x000000001b300000)]
  0x0000000018955000 JavaThread "Cache worker for file hash cache (C:\Users\Jackson\.gradle\caches\4.6\fileHashes)" [_thread_blocked, id=7384, stack(0x000000001b100000,0x000000001b200000)]
  0x000000001881b800 JavaThread "Stdin handler" [_thread_blocked, id=12104, stack(0x0000000019e30000,0x0000000019f30000)]
  0x0000000018818800 JavaThread "Asynchronous log dispatcher for DefaultDaemonConnection: socket connection from /127.0.0.1:51240 to /127.0.0.1:51241" [_thread_blocked, id=7208, stack(0x0000000019d30000,0x0000000019e30000)]
  0x0000000018851000 JavaThread "Daemon worker" [_thread_in_vm, id=7372, stack(0x0000000019c30000,0x0000000019d30000)]
  0x000000001884f800 JavaThread "Cancel handler" [_thread_blocked, id=11556, stack(0x0000000019b30000,0x0000000019c30000)]
  0x0000000018803800 JavaThread "Handler for socket connection from /127.0.0.1:51240 to /127.0.0.1:51241" [_thread_in_native, id=2828, stack(0x0000000019830000,0x0000000019930000)]
  0x00000000187be000 JavaThread "Daemon" [_thread_blocked, id=2912, stack(0x0000000019730000,0x0000000019830000)]
  0x0000000018794000 JavaThread "Daemon periodic checks" [_thread_blocked, id=5948, stack(0x0000000019630000,0x0000000019730000)]
  0x000000001877a000 JavaThread "Incoming local TCP Connector on port 51240" [_thread_in_native, id=5780, stack(0x00000000193c0000,0x00000000194c0000)]
  0x00000000170d0800 JavaThread "Service Thread" daemon [_thread_blocked, id=5964, stack(0x00000000174b0000,0x00000000175b0000)]
  0x000000001574a000 JavaThread "C1 CompilerThread2" daemon [_thread_in_native, id=5232, stack(0x0000000016fb0000,0x00000000170b0000)]
=>0x000000001573c800 JavaThread "C2 CompilerThread1" daemon [_thread_in_native, id=5344, stack(0x0000000016eb0000,0x0000000016fb0000)]
  0x0000000015747800 JavaThread "C2 CompilerThread0" daemon [_thread_blocked, id=11944, stack(0x0000000016db0000,0x0000000016eb0000)]
  0x0000000015746000 JavaThread "Attach Listener" daemon [_thread_blocked, id=6032, stack(0x0000000016cb0000,0x0000000016db0000)]
  0x0000000015744800 JavaThread "Signal Dispatcher" daemon [_thread_blocked, id=2388, stack(0x0000000016bb0000,0x0000000016cb0000)]
  0x0000000002f7b800 JavaThread "Finalizer" daemon [_thread_blocked, id=8276, stack(0x0000000016990000,0x0000000016a90000)]
  0x0000000002f70800 JavaThread "Reference Handler" daemon [_thread_blocked, id=9020, stack(0x0000000016890000,0x0000000016990000)]
  0x000000000306e800 JavaThread "main" [_thread_blocked, id=4992, stack(0x0000000002cb0000,0x0000000002db0000)]

Other Threads:
  0x0000000015707000 VMThread [stack: 0x0000000016790000,0x0000000016890000] [id=10388]
  0x000000001579c800 WatcherThread [stack: 0x00000000175b0000,0x00000000176b0000] [id=3796]

VM state:not at safepoint (normal execution)

VM Mutex/Monitor currently owned by a thread:  ([mutex/lock_event])
[0x000000000306c550] CodeCache_lock - owner thread: 0x0000000000000000

Heap:
 PSYoungGen      total 103424K, used 16959K [0x00000000eab00000, 0x00000000f1c00000, 0x0000000100000000)
  eden space 93184K, 18% used [0x00000000eab00000,0x00000000ebb8ff28,0x00000000f0600000)
  from space 10240K, 0% used [0x00000000f1100000,0x00000000f1100000,0x00000000f1b00000)
  to   space 11264K, 0% used [0x00000000f0600000,0x00000000f0600000,0x00000000f1100000)
 ParOldGen       total 94208K, used 16292K [0x00000000c0000000, 0x00000000c5c00000, 0x00000000eab00000)
  object space 94208K, 17% used [0x00000000c0000000,0x00000000c0fe93c8,0x00000000c5c00000)
 Metaspace       used 36366K, capacity 37188K, committed 37296K, reserved 1081344K
  class space    used 5023K, capacity 5292K, committed 5296K, reserved 1048576K

Card table byte_map: [0x0000000012430000,0x0000000012640000] byte_map_base: 0x0000000011e30000

Marking Bits: (ParMarkBitMap*) 0x0000000066785aa0
 Begin Bits: [0x0000000012ba0000, 0x0000000013ba0000)
 End Bits:   [0x0000000013ba0000, 0x0000000014ba0000)

Polling page: 0x0000000001410000

CodeCache: size=245760Kb used=10151Kb max_used=10485Kb free=235608Kb
 bounds [0x0000000003070000, 0x0000000003ac0000, 0x0000000012070000]
 total_blobs=3572 nmethods=2864 adapters=622
 compilation: enabled

Compilation events (10 events):
Event: 5.698 Thread 0x000000001574a000 nmethod 3156 0x00000000037d0490 code [0x00000000037d0600, 0x00000000037d0870]
Event: 5.699 Thread 0x000000001574a000 3158       3       com.google.common.collect.FluentIterable::<init> (10 bytes)
Event: 5.699 Thread 0x000000001574a000 nmethod 3158 0x00000000033e71d0 code [0x00000000033e7320, 0x00000000033e74f0]
Event: 5.700 Thread 0x000000001574a000 3159       3       java.lang.StringBuilder::append (8 bytes)
Event: 5.700 Thread 0x000000001574a000 nmethod 3159 0x00000000037d0110 code [0x00000000037d0280, 0x00000000037d0408]
Event: 5.700 Thread 0x000000001574a000 3160       3       java.lang.StringBuilder::append (6 bytes)
Event: 5.701 Thread 0x000000001574a000 nmethod 3160 0x00000000034aa690 code [0x00000000034aa800, 0x00000000034aaa68]
Event: 5.701 Thread 0x000000001574a000 3161       3       com.google.common.collect.TransformedIterator::<init> (16 bytes)
Event: 5.701 Thread 0x000000001574a000 nmethod 3161 0x00000000034aa090 code [0x00000000034aa200, 0x00000000034aa528]
Event: 5.702 Thread 0x000000001574a000 3162       3       sun.misc.ProxyGenerator::addProxyMethod (234 bytes)

GC Heap History (10 events):
Event: 2.830 GC heap before
{Heap before GC invocations=6 (full 1):
 PSYoungGen      total 71680K, used 5088K [0x00000000eab00000, 0x00000000ef600000, 0x0000000100000000)
  eden space 66560K, 0% used [0x00000000eab00000,0x00000000eab00000,0x00000000eec00000)
  from space 5120K, 99% used [0x00000000eec00000,0x00000000ef0f8030,0x00000000ef100000)
  to   space 5120K, 0% used [0x00000000ef100000,0x00000000ef100000,0x00000000ef600000)
 ParOldGen       total 87552K, used 8134K [0x00000000c0000000, 0x00000000c5580000, 0x00000000eab00000)
  object space 87552K, 9% used [0x00000000c0000000,0x00000000c07f1b20,0x00000000c5580000)
 Metaspace       used 20749K, capacity 21240K, committed 21296K, reserved 1067008K
  class space    used 2908K, capacity 3076K, committed 3120K, reserved 1048576K
Event: 2.877 GC heap after
Heap after GC invocations=6 (full 1):
 PSYoungGen      total 71680K, used 0K [0x00000000eab00000, 0x00000000ef600000, 0x0000000100000000)
  eden space 66560K, 0% used [0x00000000eab00000,0x00000000eab00000,0x00000000eec00000)
  from space 5120K, 0% used [0x00000000eec00000,0x00000000eec00000,0x00000000ef100000)
  to   space 5120K, 0% used [0x00000000ef100000,0x00000000ef100000,0x00000000ef600000)
 ParOldGen       total 59392K, used 8092K [0x00000000c0000000, 0x00000000c3a00000, 0x00000000eab00000)
  object space 59392K, 13% used [0x00000000c0000000,0x00000000c07e7318,0x00000000c3a00000)
 Metaspace       used 20749K, capacity 21240K, committed 21296K, reserved 1067008K
  class space    used 2908K, capacity 3076K, committed 3120K, reserved 1048576K
}
Event: 3.719 GC heap before
{Heap before GC invocations=7 (full 1):
 PSYoungGen      total 71680K, used 66560K [0x00000000eab00000, 0x00000000ef600000, 0x0000000100000000)
  eden space 66560K, 100% used [0x00000000eab00000,0x00000000eec00000,0x00000000eec00000)
  from space 5120K, 0% used [0x00000000eec00000,0x00000000eec00000,0x00000000ef100000)
  to   space 5120K, 0% used [0x00000000ef100000,0x00000000ef100000,0x00000000ef600000)
 ParOldGen       total 59392K, used 8092K [0x00000000c0000000, 0x00000000c3a00000, 0x00000000eab00000)
  object space 59392K, 13% used [0x00000000c0000000,0x00000000c07e7318,0x00000000c3a00000)
 Metaspace       used 26606K, capacity 27186K, committed 27440K, reserved 1073152K
  class space    used 3659K, capacity 3833K, committed 3888K, reserved 1048576K
Event: 3.728 GC heap after
Heap after GC invocations=7 (full 1):
 PSYoungGen      total 67072K, used 5105K [0x00000000eab00000, 0x00000000f2380000, 0x0000000100000000)
  eden space 61952K, 0% used [0x00000000eab00000,0x00000000eab00000,0x00000000ee780000)
  from space 5120K, 99% used [0x00000000ef100000,0x00000000ef5fc548,0x00000000ef600000)
  to   space 9728K, 0% used [0x00000000ee780000,0x00000000ee780000,0x00000000ef100000)
 ParOldGen       total 59392K, used 10178K [0x00000000c0000000, 0x00000000c3a00000, 0x00000000eab00000)
  object space 59392K, 17% used [0x00000000c0000000,0x00000000c09f08f8,0x00000000c3a00000)
 Metaspace       used 26606K, capacity 27186K, committed 27440K, reserved 1073152K
  class space    used 3659K, capacity 3833K, committed 3888K, reserved 1048576K
}
Event: 4.489 GC heap before
{Heap before GC invocations=8 (full 1):
 PSYoungGen      total 67072K, used 67057K [0x00000000eab00000, 0x00000000f2380000, 0x0000000100000000)
  eden space 61952K, 100% used [0x00000000eab00000,0x00000000ee780000,0x00000000ee780000)
  from space 5120K, 99% used [0x00000000ef100000,0x00000000ef5fc548,0x00000000ef600000)
  to   space 9728K, 0% used [0x00000000ee780000,0x00000000ee780000,0x00000000ef100000)
 ParOldGen       total 59392K, used 10178K [0x00000000c0000000, 0x00000000c3a00000, 0x00000000eab00000)
  object space 59392K, 17% used [0x00000000c0000000,0x00000000c09f08f8,0x00000000c3a00000)
 Metaspace       used 29765K, capacity 30334K, committed 30512K, reserved 1075200K
  class space    used 4157K, capacity 4349K, committed 4400K, reserved 1048576K
Event: 4.495 GC heap after
Heap after GC invocations=8 (full 1):
 PSYoungGen      total 71680K, used 7886K [0x00000000eab00000, 0x00000000f1b00000, 0x0000000100000000)
  eden space 61952K, 0% used [0x00000000eab00000,0x00000000eab00000,0x00000000ee780000)
  from space 9728K, 81% used [0x00000000ee780000,0x00000000eef33940,0x00000000ef100000)
  to   space 10240K, 0% used [0x00000000f1100000,0x00000000f1100000,0x00000000f1b00000)
 ParOldGen       total 59392K, used 10186K [0x00000000c0000000, 0x00000000c3a00000, 0x00000000eab00000)
  object space 59392K, 17% used [0x00000000c0000000,0x00000000c09f28f8,0x00000000c3a00000)
 Metaspace       used 29765K, capacity 30334K, committed 30512K, reserved 1075200K
  class space    used 4157K, capacity 4349K, committed 4400K, reserved 1048576K
}
Event: 5.425 GC heap before
{Heap before GC invocations=9 (full 1):
 PSYoungGen      total 71680K, used 42222K [0x00000000eab00000, 0x00000000f1b00000, 0x0000000100000000)
  eden space 61952K, 55% used [0x00000000eab00000,0x00000000ecc87f30,0x00000000ee780000)
  from space 9728K, 81% used [0x00000000ee780000,0x00000000eef33940,0x00000000ef100000)
  to   space 10240K, 0% used [0x00000000f1100000,0x00000000f1100000,0x00000000f1b00000)
 ParOldGen       total 59392K, used 10186K [0x00000000c0000000, 0x00000000c3a00000, 0x00000000eab00000)
  object space 59392K, 17% used [0x00000000c0000000,0x00000000c09f28f8,0x00000000c3a00000)
 Metaspace       used 34525K, capacity 35344K, committed 35496K, reserved 1079296K
  class space    used 4789K, capacity 5084K, committed 5168K, reserved 1048576K
Event: 5.438 GC heap after
Heap after GC invocations=9 (full 1):
 PSYoungGen      total 103424K, used 9790K [0x00000000eab00000, 0x00000000f1c00000, 0x0000000100000000)
  eden space 93184K, 0% used [0x00000000eab00000,0x00000000eab00000,0x00000000f0600000)
  from space 10240K, 95% used [0x00000000f1100000,0x00000000f1a8fae8,0x00000000f1b00000)
  to   space 11264K, 0% used [0x00000000f0600000,0x00000000f0600000,0x00000000f1100000)
 ParOldGen       total 59392K, used 10194K [0x00000000c0000000, 0x00000000c3a00000, 0x00000000eab00000)
  object space 59392K, 17% used [0x00000000c0000000,0x00000000c09f48f8,0x00000000c3a00000)
 Metaspace       used 34525K, capacity 35344K, committed 35496K, reserved 1079296K
  class space    used 4789K, capacity 5084K, committed 5168K, reserved 1048576K
}
Event: 5.438 GC heap before
{Heap before GC invocations=10 (full 2):
 PSYoungGen      total 103424K, used 9790K [0x00000000eab00000, 0x00000000f1c00000, 0x0000000100000000)
  eden space 93184K, 0% used [0x00000000eab00000,0x00000000eab00000,0x00000000f0600000)
  from space 10240K, 95% used [0x00000000f1100000,0x00000000f1a8fae8,0x00000000f1b00000)
  to   space 11264K, 0% used [0x00000000f0600000,0x00000000f0600000,0x00000000f1100000)
 ParOldGen       total 59392K, used 10194K [0x00000000c0000000, 0x00000000c3a00000, 0x00000000eab00000)
  object space 59392K, 17% used [0x00000000c0000000,0x00000000c09f48f8,0x00000000c3a00000)
 Metaspace       used 34525K, capacity 35344K, committed 35496K, reserved 1079296K
  class space    used 4789K, capacity 5084K, committed 5168K, reserved 1048576K
Event: 5.513 GC heap after
Heap after GC invocations=10 (full 2):
 PSYoungGen      total 103424K, used 0K [0x00000000eab00000, 0x00000000f1c00000, 0x0000000100000000)
  eden space 93184K, 0% used [0x00000000eab00000,0x00000000eab00000,0x00000000f0600000)
  from space 10240K, 0% used [0x00000000f1100000,0x00000000f1100000,0x00000000f1b00000)
  to   space 11264K, 0% used [0x00000000f0600000,0x00000000f0600000,0x00000000f1100000)
 ParOldGen       total 94208K, used 16292K [0x00000000c0000000, 0x00000000c5c00000, 0x00000000eab00000)
  object space 94208K, 17% used [0x00000000c0000000,0x00000000c0fe93c8,0x00000000c5c00000)
 Metaspace       used 34525K, capacity 35344K, committed 35496K, reserved 1079296K
  class space    used 4789K, capacity 5084K, committed 5168K, reserved 1048576K
}

Deoptimization events (10 events):
Event: 4.359 Thread 0x0000000017f44000 Uncommon trap: reason=unstable_if action=reinterpret pc=0x000000000395de58 method=java.util.concurrent.ConcurrentHashMap.get(Ljava/lang/Object;)Ljava/lang/Object; @ 86
Event: 4.359 Thread 0x0000000017f44000 Uncommon trap: reason=unstable_if action=reinterpret pc=0x00000000035f56b8 method=java.util.concurrent.ConcurrentHashMap.putVal(Ljava/lang/Object;Ljava/lang/Object;Z)Ljava/lang/Object; @ 113
Event: 4.360 Thread 0x0000000017f44000 Uncommon trap: reason=unstable_if action=reinterpret pc=0x00000000034c8294 method=java.util.concurrent.ConcurrentHashMap.addCount(JI)V @ 168
Event: 4.380 Thread 0x0000000017f44000 Uncommon trap: reason=unstable_if action=reinterpret pc=0x00000000034d1a48 method=java.util.concurrent.ConcurrentHashMap.transfer([Ljava/util/concurrent/ConcurrentHashMap$Node;[Ljava/util/concurrent/ConcurrentHashMap$Node;)V @ 34
Event: 4.578 Thread 0x0000000018851000 Uncommon trap: reason=unstable_if action=reinterpret pc=0x00000000038802f0 method=java.net.URLClassLoader.isSealed(Ljava/lang/String;Ljava/util/jar/Manifest;)Z @ 26
Event: 4.579 Thread 0x0000000018851000 Uncommon trap: reason=unstable_if action=reinterpret pc=0x00000000039203b8 method=java.net.URLClassLoader.isSealed(Ljava/lang/String;Ljava/util/jar/Manifest;)Z @ 26
Event: 5.095 Thread 0x0000000018851000 Uncommon trap: reason=class_check action=maybe_recompile pc=0x00000000039cf41c method=java.io.BufferedInputStream.read1([BII)I @ 39
Event: 5.096 Thread 0x0000000018851000 Uncommon trap: reason=class_check action=maybe_recompile pc=0x00000000039cf41c method=java.io.BufferedInputStream.read1([BII)I @ 39
Event: 5.096 Thread 0x0000000018851000 Uncommon trap: reason=class_check action=maybe_recompile pc=0x00000000039cf41c method=java.io.BufferedInputStream.read1([BII)I @ 39
Event: 5.191 Thread 0x0000000018851000 Uncommon trap: reason=predicate action=maybe_recompile pc=0x00000000032479e8 method=java.util.Arrays.binarySearch0([Ljava/lang/Object;IILjava/lang/Object;Ljava/util/Comparator;)I @ 28

Classes redefined (0 events):
No events

Internal exceptions (10 events):
Event: 4.682 Thread 0x0000000018851000 Exception <a 'java/lang/ClassNotFoundException': org/gradle/api/internal/AbstractTaskCustomizer> (0x00000000eb543ae8) thrown at [D:\src\AOSP-openjdk-cygwin\jdk8u\hotspot\src\share\vm\classfile\systemDictionary.cpp, line 210]
Event: 4.827 Thread 0x0000000018851000 Exception <a 'java/lang/ClassNotFoundException': org/gradle/api/DefaultTaskCustomizer> (0x00000000eb5cda10) thrown at [D:\src\AOSP-openjdk-cygwin\jdk8u\hotspot\src\share\vm\classfile\systemDictionary.cpp, line 210]
Event: 4.828 Thread 0x0000000018851000 Exception <a 'java/lang/ClassNotFoundException': org/gradle/api/internal/ConventionTaskCustomizer> (0x00000000eb609bf0) thrown at [D:\src\AOSP-openjdk-cygwin\jdk8u\hotspot\src\share\vm\classfile\systemDictionary.cpp, line 210]
Event: 4.846 Thread 0x0000000018851000 Exception <a 'java/lang/ClassNotFoundException': org/gradle/api/tasks/DeleteCustomizer> (0x00000000eb643618) thrown at [D:\src\AOSP-openjdk-cygwin\jdk8u\hotspot\src\share\vm\classfile\systemDictionary.cpp, line 210]
Event: 4.891 Thread 0x0000000018851000 Exception <a 'java/lang/ClassNotFoundException': org/gradle/api/tasks/Delete_DecoratedCustomizer> (0x00000000eb68b048) thrown at [D:\src\AOSP-openjdk-cygwin\jdk8u\hotspot\src\share\vm\classfile\systemDictionary.cpp, line 210]
Event: 5.001 Thread 0x0000000018851000 Exception <a 'java/lang/ClassNotFoundException': build_bvq57okeq8wpz94wqhozol0edBeanInfo> (0x00000000eb7bf4f8) thrown at [D:\src\AOSP-openjdk-cygwin\jdk8u\hotspot\src\share\vm\classfile\systemDictionary.cpp, line 210]
Event: 5.002 Thread 0x0000000018851000 Exception <a 'java/lang/ClassNotFoundException': build_bvq57okeq8wpz94wqhozol0edCustomizer> (0x00000000eb7c9f30) thrown at [D:\src\AOSP-openjdk-cygwin\jdk8u\hotspot\src\share\vm\classfile\systemDictionary.cpp, line 210]
Event: 5.007 Thread 0x0000000018851000 Exception <a 'java/lang/ClassNotFoundException': org/gradle/api/internal/plugins/DefaultObjectConfigurationActionBeanInfo> (0x00000000eb83f458) thrown at [D:\src\AOSP-openjdk-cygwin\jdk8u\hotspot\src\share\vm\classfile\systemDictionary.cpp, line 210]
Event: 5.008 Thread 0x0000000018851000 Exception <a 'java/lang/ClassNotFoundException': org/gradle/api/internal/plugins/DefaultObjectConfigurationActionCustomizer> (0x00000000eb879108) thrown at [D:\src\AOSP-openjdk-cygwin\jdk8u\hotspot\src\share\vm\classfile\systemDictionary.cpp, line 210]
Event: 5.621 Thread 0x0000000018851000 Exception <a 'sun/nio/fs/WindowsException'> (0x00000000eb1df100) thrown at [D:\src\AOSP-openjdk-cygwin\jdk8u\hotspot\src\share\vm\prims\jni.cpp, line 709]

Events (10 events):
Event: 5.699 loading class com/google/common/base/Functions$ToStringFunction
Event: 5.699 loading class com/google/common/base/Functions$ToStringFunction done
Event: 5.699 loading class com/google/common/collect/SortedIterables
Event: 5.699 loading class com/google/common/collect/SortedIterables done
Event: 5.700 loading class org/gradle/model/internal/manage/schema/extract/StructSchemaExtractionStrategySupport$5
Event: 5.700 loading class org/gradle/model/internal/manage/schema/extract/StructSchemaExtractionStrategySupport$5 done
Event: 5.700 loading class org/gradle/model/internal/manage/schema/ScalarValueSchema
Event: 5.700 loading class org/gradle/model/internal/manage/schema/ScalarValueSchema done
Event: 5.701 loading class org/gradle/model/internal/inspect/ManagedModelCreationRuleExtractor$ExtractedManagedCreationRule
Event: 5.701 loading class org/gradle/model/internal/inspect/ManagedModelCreationRuleExtractor$ExtractedManagedCreationRule done


Dynamic libraries:
0x00007ff6046a0000 - 0x00007ff6046d1000 	C:\Program Files\Android\Android Studio\jre\bin\java.exe
0x00007fffc7320000 - 0x00007fffc7501000 	C:\WINDOWS\SYSTEM32\ntdll.dll
0x00007fffc5520000 - 0x00007fffc55d1000 	C:\WINDOWS\System32\KERNEL32.DLL
0x00007fffc3890000 - 0x00007fffc3b03000 	C:\WINDOWS\System32\KERNELBASE.dll
0x00007fffc4ad0000 - 0x00007fffc4b71000 	C:\WINDOWS\System32\ADVAPI32.dll
0x00007fffc4a30000 - 0x00007fffc4ace000 	C:\WINDOWS\System32\msvcrt.dll
0x00007fffc4be0000 - 0x00007fffc4c3b000 	C:\WINDOWS\System32\sechost.dll
0x00007fffc4c50000 - 0x00007fffc4d74000 	C:\WINDOWS\System32\RPCRT4.dll
0x00007fffc4ed0000 - 0x00007fffc5060000 	C:\WINDOWS\System32\USER32.dll
0x00007fffc45a0000 - 0x00007fffc45c0000 	C:\WINDOWS\System32\win32u.dll
0x00007fffc4a00000 - 0x00007fffc4a28000 	C:\WINDOWS\System32\GDI32.dll
0x00007fffc36f0000 - 0x00007fffc3881000 	C:\WINDOWS\System32\gdi32full.dll
0x00007fffc43a0000 - 0x00007fffc443f000 	C:\WINDOWS\System32\msvcp_win.dll
0x00007fffc4440000 - 0x00007fffc4538000 	C:\WINDOWS\System32\ucrtbase.dll
0x00007fffb5ad0000 - 0x00007fffb5d39000 	C:\WINDOWS\WinSxS\amd64_microsoft.windows.common-controls_6595b64144ccf1df_6.0.17134.885_none_fb42a3473065565f\COMCTL32.dll
0x00007fffc5ad0000 - 0x00007fffc5df2000 	C:\WINDOWS\System32\combase.dll
0x00007fffc3c10000 - 0x00007fffc3c89000 	C:\WINDOWS\System32\bcryptPrimitives.dll
0x00007fffc55e0000 - 0x00007fffc560d000 	C:\WINDOWS\System32\IMM32.DLL
0x0000000065b90000 - 0x0000000065c62000 	C:\Program Files\Android\Android Studio\jre\jre\bin\msvcr100.dll
0x0000000065fc0000 - 0x0000000066801000 	C:\Program Files\Android\Android Studio\jre\jre\bin\server\jvm.dll
0x00007fffc4c40000 - 0x00007fffc4c48000 	C:\WINDOWS\System32\PSAPI.DLL
0x00007fffbec60000 - 0x00007fffbec69000 	C:\WINDOWS\SYSTEM32\WSOCK32.dll
0x00007fffc28a0000 - 0x00007fffc28aa000 	C:\WINDOWS\SYSTEM32\VERSION.dll
0x00007fffc0350000 - 0x00007fffc0373000 	C:\WINDOWS\SYSTEM32\WINMM.dll
0x00007fffc5060000 - 0x00007fffc50cc000 	C:\WINDOWS\System32\WS2_32.dll
0x00007fffc0320000 - 0x00007fffc034a000 	C:\WINDOWS\SYSTEM32\winmmbase.dll
0x00007fffc3b10000 - 0x00007fffc3b59000 	C:\WINDOWS\System32\cfgmgr32.dll
0x00007fffbec50000 - 0x00007fffbec5f000 	C:\Program Files\Android\Android Studio\jre\jre\bin\verify.dll
0x00007fffbda20000 - 0x00007fffbda49000 	C:\Program Files\Android\Android Studio\jre\jre\bin\java.dll
0x00007fffbea20000 - 0x00007fffbea36000 	C:\Program Files\Android\Android Studio\jre\jre\bin\zip.dll
0x00007fffc5e00000 - 0x00007fffc7240000 	C:\WINDOWS\System32\SHELL32.dll
0x00007fffc4d80000 - 0x00007fffc4e29000 	C:\WINDOWS\System32\shcore.dll
0x00007fffc3c90000 - 0x00007fffc439d000 	C:\WINDOWS\System32\windows.storage.dll
0x00007fffc47b0000 - 0x00007fffc4801000 	C:\WINDOWS\System32\shlwapi.dll
0x00007fffc3630000 - 0x00007fffc3641000 	C:\WINDOWS\System32\kernel.appcore.dll
0x00007fffc36b0000 - 0x00007fffc36cf000 	C:\WINDOWS\System32\profapi.dll
0x00007fffc3660000 - 0x00007fffc36ac000 	C:\WINDOWS\System32\powrprof.dll
0x00007fffc3650000 - 0x00007fffc365a000 	C:\WINDOWS\System32\FLTLIB.DLL
0x00007fffbd9e0000 - 0x00007fffbd9fa000 	C:\Program Files\Android\Android Studio\jre\jre\bin\net.dll
0x00007fffc2eb0000 - 0x00007fffc2f16000 	C:\WINDOWS\system32\mswsock.dll
0x00007fffbcf60000 - 0x00007fffbcf71000 	C:\Program Files\Android\Android Studio\jre\jre\bin\nio.dll
0x00007fffbeb90000 - 0x00007fffbebae000 	C:\Users\Jackson\.gradle\native\25\windows-amd64\native-platform.dll
0x00007fffbec40000 - 0x00007fffbec4d000 	C:\Program Files\Android\Android Studio\jre\jre\bin\management.dll
0x00007fffc3060000 - 0x00007fffc3077000 	C:\WINDOWS\SYSTEM32\CRYPTSP.dll
0x00007fffc2aa0000 - 0x00007fffc2ad3000 	C:\WINDOWS\system32\rsaenh.dll
0x00007fffc3190000 - 0x00007fffc31b5000 	C:\WINDOWS\SYSTEM32\bcrypt.dll
0x00007fffc3530000 - 0x00007fffc3558000 	C:\WINDOWS\SYSTEM32\USERENV.dll
0x00007fffc3080000 - 0x00007fffc308b000 	C:\WINDOWS\SYSTEM32\CRYPTBASE.dll
0x00007fffc2c40000 - 0x00007fffc2c78000 	C:\WINDOWS\SYSTEM32\IPHLPAPI.DLL
0x00007fffc7240000 - 0x00007fffc7248000 	C:\WINDOWS\System32\NSI.dll
0x00007fffbd3f0000 - 0x00007fffbd406000 	C:\WINDOWS\SYSTEM32\dhcpcsvc6.DLL
0x00007fffbd540000 - 0x00007fffbd55a000 	C:\WINDOWS\SYSTEM32\dhcpcsvc.DLL

VM Arguments:
jvm_args: -XX:+HeapDumpOnOutOfMemoryError -Xmx1024m -Dfile.encoding=windows-1252 -Duser.country=FR -Duser.language=fr -Duser.variant 
java_command: org.gradle.launcher.daemon.bootstrap.GradleDaemon 4.6
java_class_path (initial): C:\Users\Jackson\.gradle\wrapper\dists\gradle-4.6-all\bcst21l2brirad8k2ben1letg\gradle-4.6\lib\gradle-launcher-4.6.jar
Launcher Type: SUN_STANDARD

Environment Variables:
PATH=C:\Program Files (x86)\Common Files\Oracle\Java\javapath;C:\Windows\system32;C:\Windows;C:\Windows\System32\Wbem;C:\Windows\System32\WindowsPowerShell\v1.0\;C:\Program Files (x86)\NVIDIA Corporation\PhysX\Common;C:\WINDOWS\system32;C:\WINDOWS;C:\WINDOWS\System32\Wbem;C:\WINDOWS\System32\WindowsPowerShell\v1.0\;C:\Program Files (x86)\Common Files\Acronis\SnapAPI\;C:\WINDOWS\System32\OpenSSH\;C:\Program Files (x86)\AMD\ATI.ACE\Core-Static;C:\StrawberryPerl\c\bin;C:\StrawberryPerl\perl\site\bin;C:\StrawberryPerl\perl\bin;C:\Users\Jackson\AppData\Local\Microsoft\WindowsApps;C:\Program Files\JetBrains\PyCharm Community Edition 2020.1\bin;;C:\StrawberryPerl\perl\bin;C:\Users\Jackson\AppData\Local\Programs\Python\Python38\Scripts;C:\Users\Jackson\AppData\Local\Programs\Python\Python38;;C:\Program Files (x86)\Common Files\Acronis\TibMounter64
USERNAME=Jackson
OS=Windows_NT
PROCESSOR_IDENTIFIER=Intel64 Family 6 Model 30 Stepping 5, GenuineIntel



---------------  S Y S T E M  ---------------

OS: Windows 10.0 , 64 bit Build 17134 (10.0.17134.753)

CPU:total 4 (initial active 4) (4 cores per cpu, 1 threads per core) family 6 model 30 stepping 5, cmov, cx8, fxsr, mmx, sse, sse2, sse3, ssse3, sse4.1, sse4.2, popcnt, tsc, tscinvbit

Memory: 4k page, physical 8379828k(1322864k free), swap 8379828k(5172k free)

vm_info: OpenJDK 64-Bit Server VM (25.152-b01) for windows-amd64 JRE (1.8.0_152-release-1343-b01), built by "builder" with MS VC++ 10.0 (VS2010)

time: Wed May 13 09:17:15 2020
elapsed time: 5 seconds (0d 0h 0m 5s)

