#
# There is insufficient memory for the Java Runtime Environment to continue.
# Native memory allocation (malloc) failed to allocate 32744 bytes for ChunkPool::allocate
# Possible reasons:
#   The system is out of physical RAM or swap space
#   In 32 bit mode, the process size limit was hit
# Possible solutions:
#   Reduce memory load on the system
#   Increase physical memory or swap space
#   Check if swap backing store is full
#   Use 64 bit Java on a 64 bit OS
#   Decrease Java heap size (-Xmx/-Xms)
#   Decrease number of Java threads
#   Decrease Java thread stack sizes (-Xss)
#   Set larger code cache with -XX:ReservedCodeCacheSize=
# This output file may be truncated or incomplete.
#
#  Out of Memory Error (allocation.cpp:273), pid=12080, tid=0x00000000000007f8
#
# JRE version: OpenJDK Runtime Environment (8.0_152-b01) (build 1.8.0_152-release-1343-b01)
# Java VM: OpenJDK 64-Bit Server VM (25.152-b01 mixed mode windows-amd64 compressed oops)
# Failed to write core dump. Minidumps are not enabled by default on client versions of Windows
#

---------------  T H R E A D  ---------------

Current thread (0x0000000014df7800):  JavaThread "C2 CompilerThread0" daemon [_thread_in_native, id=2040, stack(0x0000000016460000,0x0000000016560000)]

Stack: [0x0000000016460000,0x0000000016560000]
[error occurred during error reporting (printing stack bounds), id 0xc0000005]

Native frames: (J=compiled Java code, j=interpreted, Vv=VM code, C=native code)


Current CompileTask:
C2:  18583 11924       4       com.android.tools.r8.ir.conversion.JarSourceCode::buildInstruction (402 bytes)


---------------  P R O C E S S  ---------------

Java Threads: ( => current thread )
  0x000000001b1cf800 JavaThread "ForkJoinPool.commonPool-worker-0" daemon [_thread_blocked, id=11808, stack(0x00000000232b0000,0x00000000233b0000)]
  0x0000000018230800 JavaThread "Cache worker for Java compile cache (C:\Users\Jackson\AndroidSudioProjects\remote_V2\.gradle\4.6\javaCompile)" [_thread_blocked, id=11704, stack(0x0000000022ab0000,0x0000000022bb0000)]
  0x0000000018236800 JavaThread "stdout" daemon [_thread_in_native, id=11588, stack(0x00000000229b0000,0x0000000022ab0000)]
  0x0000000018233800 JavaThread "stderr" daemon [_thread_in_native, id=5592, stack(0x00000000228b0000,0x00000000229b0000)]
  0x0000000018231800 JavaThread "stdout" daemon [_thread_in_native, id=12252, stack(0x00000000227b0000,0x00000000228b0000)]
  0x0000000018233000 JavaThread "stderr" daemon [_thread_in_native, id=12264, stack(0x00000000226b0000,0x00000000227b0000)]
  0x0000000018237800 JavaThread "stdout" daemon [_thread_in_native, id=11584, stack(0x00000000225b0000,0x00000000226b0000)]
  0x0000000018232000 JavaThread "stderr" daemon [_thread_in_native, id=7788, stack(0x00000000224b0000,0x00000000225b0000)]
  0x0000000018236000 JavaThread "pool-3-thread-1" [_thread_blocked, id=3508, stack(0x00000000223b0000,0x00000000224b0000)]
  0x000000001822a800 JavaThread "ForkJoinPool.commonPool-worker-3" daemon [_thread_blocked, id=4876, stack(0x00000000222b0000,0x00000000223b0000)]
  0x000000001822a000 JavaThread "ForkJoinPool.commonPool-worker-2" daemon [_thread_in_Java, id=8900, stack(0x00000000221b0000,0x00000000222b0000)]
  0x000000001822d800 JavaThread "Task worker for ':' Thread 3" [_thread_blocked, id=10672, stack(0x0000000021b00000,0x0000000021c00000)]
  0x000000001822d000 JavaThread "Task worker for ':' Thread 2" [_thread_blocked, id=11580, stack(0x0000000021a00000,0x0000000021b00000)]
  0x0000000018229000 JavaThread "Task worker for ':'" [_thread_blocked, id=11344, stack(0x0000000021670000,0x0000000021770000)]
  0x000000001822e800 JavaThread "Cache worker for Build Output Cleanup Cache (C:\Users\Jackson\AndroidSudioProjects\remote_V2\.gradle\buildOutputCleanup)" [_thread_blocked, id=11556, stack(0x0000000021570000,0x0000000021670000)]
  0x000000001822c000 JavaThread "Cache worker for task history cache (C:\Users\Jackson\AndroidSudioProjects\remote_V2\.gradle\4.6\taskHistory)" [_thread_blocked, id=11592, stack(0x0000000020e50000,0x0000000020f50000)]
  0x0000000018230000 JavaThread "Cache worker for file content cache (C:\Users\Jackson\AndroidSudioProjects\remote_V2\.gradle\4.6\fileContent)" [_thread_blocked, id=11576, stack(0x0000000020470000,0x0000000020570000)]
  0x000000001d0c9000 JavaThread "Memory manager" [_thread_blocked, id=11604, stack(0x000000001f110000,0x000000001f210000)]
  0x000000001d0cd000 JavaThread "Build operations Thread 4" [_thread_blocked, id=11340, stack(0x000000001ec10000,0x000000001ed10000)]
  0x000000001d0cf000 JavaThread "Build operations Thread 3" [_thread_blocked, id=11616, stack(0x000000001eb10000,0x000000001ec10000)]
  0x000000001d0cc000 JavaThread "Build operations Thread 2" [_thread_blocked, id=7012, stack(0x000000001ea10000,0x000000001eb10000)]
  0x000000001d0c8800 JavaThread "Build operations" [_thread_blocked, id=4444, stack(0x000000001e910000,0x000000001ea10000)]
  0x000000001d0cb800 JavaThread "Cache worker for Artifact transforms cache (C:\Users\Jackson\.gradle\caches\transforms-1)" [_thread_blocked, id=10264, stack(0x000000001e180000,0x000000001e280000)]
  0x0000000019a6e000 JavaThread "Cache worker for file hash cache (C:\Users\Jackson\AndroidSudioProjects\remote_V2\.gradle\4.6\fileHashes)" [_thread_blocked, id=1080, stack(0x000000001a9b0000,0x000000001aab0000)]
  0x0000000017ffe000 JavaThread "File lock request listener" [_thread_in_native, id=8144, stack(0x000000001a8b0000,0x000000001a9b0000)]
  0x0000000018256800 JavaThread "Cache worker for file hash cache (C:\Users\Jackson\.gradle\caches\4.6\fileHashes)" [_thread_blocked, id=9632, stack(0x000000001a7b0000,0x000000001a8b0000)]
  0x0000000017f30800 JavaThread "Stdin handler" [_thread_blocked, id=828, stack(0x00000000194e0000,0x00000000195e0000)]
  0x0000000017f22000 JavaThread "Asynchronous log dispatcher for DefaultDaemonConnection: socket connection from /127.0.0.1:51191 to /127.0.0.1:51192" [_thread_blocked, id=10752, stack(0x00000000193e0000,0x00000000194e0000)]
  0x0000000017ed9000 JavaThread "Daemon worker" [_thread_blocked, id=4556, stack(0x00000000192e0000,0x00000000193e0000)]
  0x0000000017ed6000 JavaThread "Cancel handler" [_thread_blocked, id=5804, stack(0x00000000191e0000,0x00000000192e0000)]
  0x0000000017ece800 JavaThread "Handler for socket connection from /127.0.0.1:51191 to /127.0.0.1:51192" [_thread_in_native, id=11168, stack(0x0000000018ee0000,0x0000000018fe0000)]
  0x0000000017ecb000 JavaThread "Daemon" [_thread_blocked, id=7536, stack(0x0000000018de0000,0x0000000018ee0000)]
  0x0000000017e43800 JavaThread "Daemon periodic checks" [_thread_blocked, id=8380, stack(0x0000000018ce0000,0x0000000018de0000)]
  0x0000000017e23000 JavaThread "Incoming local TCP Connector on port 51191" [_thread_in_native, id=12032, stack(0x0000000018a70000,0x0000000018b70000)]
  0x0000000016788800 JavaThread "Service Thread" daemon [_thread_blocked, id=11668, stack(0x0000000016b60000,0x0000000016c60000)]
  0x0000000014e03800 JavaThread "C1 CompilerThread2" daemon [_thread_in_native, id=11660, stack(0x0000000016660000,0x0000000016760000)]
  0x0000000014dee800 JavaThread "C2 CompilerThread1" daemon [_thread_in_native, id=12240, stack(0x0000000016560000,0x0000000016660000)]
=>0x0000000014df7800 JavaThread "C2 CompilerThread0" daemon [_thread_in_native, id=2040, stack(0x0000000016460000,0x0000000016560000)]
  0x0000000014df6000 JavaThread "Attach Listener" daemon [_thread_blocked, id=12120, stack(0x0000000016360000,0x0000000016460000)]
  0x0000000014df4800 JavaThread "Signal Dispatcher" daemon [_thread_blocked, id=7416, stack(0x0000000016260000,0x0000000016360000)]
  0x000000000271b800 JavaThread "Finalizer" daemon [_thread_blocked, id=1524, stack(0x0000000016040000,0x0000000016140000)]
  0x0000000002710800 JavaThread "Reference Handler" daemon [_thread_blocked, id=12208, stack(0x0000000015f40000,0x0000000016040000)]
  0x00000000024ce800 JavaThread "main" [_thread_blocked, id=11988, stack(0x0000000002520000,0x0000000002620000)]

Other Threads:
  0x0000000014db7000 VMThread [stack: 0x0000000015e40000,0x0000000015f40000] [id=8168]
  0x000000001678a000 WatcherThread [stack: 0x0000000016c60000,0x0000000016d60000] [id=7836]

VM state:not at safepoint (normal execution)

VM Mutex/Monitor currently owned by a thread: None

Heap:
 PSYoungGen      total 218624K, used 155127K [0x00000000eab00000, 0x00000000f9780000, 0x0000000100000000)
  eden space 195584K, 74% used [0x00000000eab00000,0x00000000f399f0d0,0x00000000f6a00000)
  from space 23040K, 39% used [0x00000000f6a00000,0x00000000f72dec18,0x00000000f8080000)
  to   space 21504K, 0% used [0x00000000f8080000,0x00000000f8080000,0x00000000f9580000)
 ParOldGen       total 98816K, used 40066K [0x00000000c0000000, 0x00000000c6080000, 0x00000000eab00000)
  object space 98816K, 40% used [0x00000000c0000000,0x00000000c2720870,0x00000000c6080000)
 Metaspace       used 75127K, capacity 78402K, committed 78488K, reserved 1118208K
  class space    used 9933K, capacity 10627K, committed 10672K, reserved 1048576K

Card table byte_map: [0x0000000011ae0000,0x0000000011cf0000] byte_map_base: 0x00000000114e0000

Marking Bits: (ParMarkBitMap*) 0x0000000066785aa0
 Begin Bits: [0x0000000012250000, 0x0000000013250000)
 End Bits:   [0x0000000013250000, 0x0000000014250000)

Polling page: 0x0000000000da0000

CodeCache: size=245760Kb used=32710Kb max_used=32710Kb free=213049Kb
 bounds [0x0000000002720000, 0x0000000004740000, 0x0000000011720000]
 total_blobs=11076 nmethods=10236 adapters=751
 compilation: enabled

Compilation events (10 events):
Event: 18.576 Thread 0x0000000014e03800 nmethod 11944 0x00000000047272d0 code [0x0000000004727420, 0x0000000004727530]
Event: 18.576 Thread 0x0000000014e03800 11945       1       com.android.tools.r8.ir.analysis.type.Top::isTop (2 bytes)
Event: 18.576 Thread 0x0000000014e03800 nmethod 11945 0x0000000004727590 code [0x00000000047276e0, 0x00000000047277f0]
Event: 18.577 Thread 0x0000000014e03800 11946       3       com.android.tools.r8.ir.code.CheckCast::asCheckCast (2 bytes)
Event: 18.577 Thread 0x0000000014e03800 nmethod 11946 0x0000000004727850 code [0x00000000047279a0, 0x0000000004727af0]
Event: 18.577 Thread 0x0000000014e03800 11947       3       com.android.tools.r8.ir.analysis.type.TypeAnalysis$1::getLatticeElement (4 bytes)
Event: 18.577 Thread 0x0000000014e03800 nmethod 11947 0x0000000004727b90 code [0x0000000004727d00, 0x0000000004727eb0]
Event: 18.577 Thread 0x0000000014e03800 11948       3       com.android.tools.r8.ir.analysis.type.Top::getInstance (4 bytes)
Event: 18.577 Thread 0x0000000014e03800 nmethod 11948 0x0000000004727f50 code [0x00000000047280a0, 0x00000000047281d0]
Event: 18.577 Thread 0x0000000014e03800 11949       3       com.android.tools.r8.ir.code.CheckCast::object (14 bytes)

GC Heap History (10 events):
Event: 10.633 GC heap before
{Heap before GC invocations=12 (full 2):
 PSYoungGen      total 174080K, used 93045K [0x00000000eab00000, 0x00000000f9580000, 0x0000000100000000)
  eden space 158720K, 48% used [0x00000000eab00000,0x00000000ef6de048,0x00000000f4600000)
  from space 15360K, 99% used [0x00000000f4600000,0x00000000f54ff7a0,0x00000000f5500000)
  to   space 21504K, 0% used [0x00000000f8080000,0x00000000f8080000,0x00000000f9580000)
 ParOldGen       total 98816K, used 32336K [0x00000000c0000000, 0x00000000c6080000, 0x00000000eab00000)
  object space 98816K, 32% used [0x00000000c0000000,0x00000000c1f940d0,0x00000000c6080000)
 Metaspace       used 57295K, capacity 59082K, committed 59160K, reserved 1099776K
  class space    used 7758K, capacity 8218K, committed 8240K, reserved 1048576K
Event: 10.658 GC heap after
Heap after GC invocations=12 (full 2):
 PSYoungGen      total 217088K, used 16726K [0x00000000eab00000, 0x00000000f9780000, 0x0000000100000000)
  eden space 195584K, 0% used [0x00000000eab00000,0x00000000eab00000,0x00000000f6a00000)
  from space 21504K, 77% used [0x00000000f8080000,0x00000000f90d5bb8,0x00000000f9580000)
  to   space 23040K, 0% used [0x00000000f6a00000,0x00000000f6a00000,0x00000000f8080000)
 ParOldGen       total 98816K, used 39355K [0x00000000c0000000, 0x00000000c6080000, 0x00000000eab00000)
  object space 98816K, 39% used [0x00000000c0000000,0x00000000c266ec60,0x00000000c6080000)
 Metaspace       used 57295K, capacity 59082K, committed 59160K, reserved 1099776K
  class space    used 7758K, capacity 8218K, committed 8240K, reserved 1048576K
}
Event: 10.658 GC heap before
{Heap before GC invocations=13 (full 3):
 PSYoungGen      total 217088K, used 16726K [0x00000000eab00000, 0x00000000f9780000, 0x0000000100000000)
  eden space 195584K, 0% used [0x00000000eab00000,0x00000000eab00000,0x00000000f6a00000)
  from space 21504K, 77% used [0x00000000f8080000,0x00000000f90d5bb8,0x00000000f9580000)
  to   space 23040K, 0% used [0x00000000f6a00000,0x00000000f6a00000,0x00000000f8080000)
 ParOldGen       total 98816K, used 39355K [0x00000000c0000000, 0x00000000c6080000, 0x00000000eab00000)
  object space 98816K, 39% used [0x00000000c0000000,0x00000000c266ec60,0x00000000c6080000)
 Metaspace       used 57295K, capacity 59082K, committed 59160K, reserved 1099776K
  class space    used 7758K, capacity 8218K, committed 8240K, reserved 1048576K
Event: 10.893 GC heap after
Heap after GC invocations=13 (full 3):
 PSYoungGen      total 217088K, used 0K [0x00000000eab00000, 0x00000000f9780000, 0x0000000100000000)
  eden space 195584K, 0% used [0x00000000eab00000,0x00000000eab00000,0x00000000f6a00000)
  from space 21504K, 0% used [0x00000000f8080000,0x00000000f8080000,0x00000000f9580000)
  to   space 23040K, 0% used [0x00000000f6a00000,0x00000000f6a00000,0x00000000f8080000)
 ParOldGen       total 98816K, used 40034K [0x00000000c0000000, 0x00000000c6080000, 0x00000000eab00000)
  object space 98816K, 40% used [0x00000000c0000000,0x00000000c2718870,0x00000000c6080000)
 Metaspace       used 57295K, capacity 59082K, committed 59160K, reserved 1099776K
  class space    used 7758K, capacity 8218K, committed 8240K, reserved 1048576K
}
Event: 16.250 GC heap before
{Heap before GC invocations=14 (full 3):
 PSYoungGen      total 217088K, used 195322K [0x00000000eab00000, 0x00000000f9780000, 0x0000000100000000)
  eden space 195584K, 99% used [0x00000000eab00000,0x00000000f69bebb0,0x00000000f6a00000)
  from space 21504K, 0% used [0x00000000f8080000,0x00000000f8080000,0x00000000f9580000)
  to   space 23040K, 0% used [0x00000000f6a00000,0x00000000f6a00000,0x00000000f8080000)
 ParOldGen       total 98816K, used 40034K [0x00000000c0000000, 0x00000000c6080000, 0x00000000eab00000)
  object space 98816K, 40% used [0x00000000c0000000,0x00000000c2718870,0x00000000c6080000)
 Metaspace       used 65556K, capacity 67610K, committed 67864K, reserved 1107968K
  class space    used 8683K, capacity 9214K, committed 9264K, reserved 1048576K
Event: 16.265 GC heap after
Heap after GC invocations=14 (full 3):
 PSYoungGen      total 218624K, used 12244K [0x00000000eab00000, 0x00000000f9780000, 0x0000000100000000)
  eden space 195584K, 0% used [0x00000000eab00000,0x00000000eab00000,0x00000000f6a00000)
  from space 23040K, 53% used [0x00000000f6a00000,0x00000000f75f5348,0x00000000f8080000)
  to   space 21504K, 0% used [0x00000000f8080000,0x00000000f8080000,0x00000000f9580000)
 ParOldGen       total 98816K, used 40050K [0x00000000c0000000, 0x00000000c6080000, 0x00000000eab00000)
  object space 98816K, 40% used [0x00000000c0000000,0x00000000c271c870,0x00000000c6080000)
 Metaspace       used 65556K, capacity 67610K, committed 67864K, reserved 1107968K
  class space    used 8683K, capacity 9214K, committed 9264K, reserved 1048576K
}
Event: 16.300 GC heap before
{Heap before GC invocations=15 (full 3):
 PSYoungGen      total 218624K, used 207489K [0x00000000eab00000, 0x00000000f9780000, 0x0000000100000000)
  eden space 195584K, 99% used [0x00000000eab00000,0x00000000f69ab358,0x00000000f6a00000)
  from space 23040K, 53% used [0x00000000f6a00000,0x00000000f75f5348,0x00000000f8080000)
  to   space 21504K, 0% used [0x00000000f8080000,0x00000000f8080000,0x00000000f9580000)
 ParOldGen       total 98816K, used 40050K [0x00000000c0000000, 0x00000000c6080000, 0x00000000eab00000)
  object space 98816K, 40% used [0x00000000c0000000,0x00000000c271c870,0x00000000c6080000)
 Metaspace       used 65569K, capacity 67610K, committed 67864K, reserved 1107968K
  class space    used 8683K, capacity 9214K, committed 9264K, reserved 1048576K
Event: 16.307 GC heap after
Heap after GC invocations=15 (full 3):
 PSYoungGen      total 217088K, used 9293K [0x00000000eab00000, 0x00000000f9780000, 0x0000000100000000)
  eden space 195584K, 0% used [0x00000000eab00000,0x00000000eab00000,0x00000000f6a00000)
  from space 21504K, 43% used [0x00000000f8080000,0x00000000f89935e0,0x00000000f9580000)
  to   space 23040K, 0% used [0x00000000f6a00000,0x00000000f6a00000,0x00000000f8080000)
 ParOldGen       total 98816K, used 40058K [0x00000000c0000000, 0x00000000c6080000, 0x00000000eab00000)
  object space 98816K, 40% used [0x00000000c0000000,0x00000000c271e870,0x00000000c6080000)
 Metaspace       used 65569K, capacity 67610K, committed 67864K, reserved 1107968K
  class space    used 8683K, capacity 9214K, committed 9264K, reserved 1048576K
}
Event: 16.339 GC heap before
{Heap before GC invocations=16 (full 3):
 PSYoungGen      total 217088K, used 204690K [0x00000000eab00000, 0x00000000f9780000, 0x0000000100000000)
  eden space 195584K, 99% used [0x00000000eab00000,0x00000000f69d1518,0x00000000f6a00000)
  from space 21504K, 43% used [0x00000000f8080000,0x00000000f89935e0,0x00000000f9580000)
  to   space 23040K, 0% used [0x00000000f6a00000,0x00000000f6a00000,0x00000000f8080000)
 ParOldGen       total 98816K, used 40058K [0x00000000c0000000, 0x00000000c6080000, 0x00000000eab00000)
  object space 98816K, 40% used [0x00000000c0000000,0x00000000c271e870,0x00000000c6080000)
 Metaspace       used 65576K, capacity 67610K, committed 67864K, reserved 1107968K
  class space    used 8683K, capacity 9214K, committed 9264K, reserved 1048576K
Event: 16.345 GC heap after
Heap after GC invocations=16 (full 3):
 PSYoungGen      total 218624K, used 9083K [0x00000000eab00000, 0x00000000f9780000, 0x0000000100000000)
  eden space 195584K, 0% used [0x00000000eab00000,0x00000000eab00000,0x00000000f6a00000)
  from space 23040K, 39% used [0x00000000f6a00000,0x00000000f72dec18,0x00000000f8080000)
  to   space 21504K, 0% used [0x00000000f8080000,0x00000000f8080000,0x00000000f9580000)
 ParOldGen       total 98816K, used 40066K [0x00000000c0000000, 0x00000000c6080000, 0x00000000eab00000)
  object space 98816K, 40% used [0x00000000c0000000,0x00000000c2720870,0x00000000c6080000)
 Metaspace       used 65576K, capacity 67610K, committed 67864K, reserved 1107968K
  class space    used 8683K, capacity 9214K, committed 9264K, reserved 1048576K
}

Deoptimization events (10 events):
Event: 17.655 Thread 0x000000001b1cf800 Uncommon trap: reason=unstable_if action=reinterpret pc=0x0000000003bd1c4c method=jdk.internal.org.objectweb.asm.Item.isEqualTo(Ljdk/internal/org/objectweb/asm/Item;)Z @ 331
Event: 18.145 Thread 0x000000001822a000 Uncommon trap: reason=bimorphic action=maybe_recompile pc=0x0000000003c538d0 method=java.util.Spliterators$IteratorSpliterator.tryAdvance(Ljava/util/function/Consumer;)Z @ 50
Event: 18.146 Thread 0x000000001822a000 Uncommon trap: reason=bimorphic action=maybe_recompile pc=0x0000000003c538d0 method=java.util.Spliterators$IteratorSpliterator.tryAdvance(Ljava/util/function/Consumer;)Z @ 50
Event: 18.146 Thread 0x000000001822a000 Uncommon trap: reason=bimorphic action=maybe_recompile pc=0x0000000003c538d0 method=java.util.Spliterators$IteratorSpliterator.tryAdvance(Ljava/util/function/Consumer;)Z @ 50
Event: 18.146 Thread 0x000000001822a000 Uncommon trap: reason=bimorphic action=maybe_recompile pc=0x0000000003c538d0 method=java.util.Spliterators$IteratorSpliterator.tryAdvance(Ljava/util/function/Consumer;)Z @ 50
Event: 18.167 Thread 0x000000001822a000 Uncommon trap: reason=unstable_if action=reinterpret pc=0x000000000440f0c4 method=com.android.tools.r8.graph.DexString.slowCompareTo(Lcom/android/tools/r8/graph/DexString;)I @ 136
Event: 18.462 Thread 0x000000001822a000 Uncommon trap: reason=bimorphic action=maybe_recompile pc=0x0000000004650edc method=com.android.tools.r8.ir.regalloc.LinearScanRegisterAllocator.getRegisterForValue(Lcom/android/tools/r8/ir/code/Value;I)I @ 1
Event: 18.462 Thread 0x000000001822a000 Uncommon trap: reason=bimorphic action=maybe_recompile pc=0x0000000004650edc method=com.android.tools.r8.ir.regalloc.LinearScanRegisterAllocator.getRegisterForValue(Lcom/android/tools/r8/ir/code/Value;I)I @ 1
Event: 18.462 Thread 0x000000001822a000 Uncommon trap: reason=bimorphic action=maybe_recompile pc=0x0000000004650edc method=com.android.tools.r8.ir.regalloc.LinearScanRegisterAllocator.getRegisterForValue(Lcom/android/tools/r8/ir/code/Value;I)I @ 1
Event: 18.462 Thread 0x000000001822a000 Uncommon trap: reason=bimorphic action=maybe_recompile pc=0x0000000004650edc method=com.android.tools.r8.ir.regalloc.LinearScanRegisterAllocator.getRegisterForValue(Lcom/android/tools/r8/ir/code/Value;I)I @ 1

Classes redefined (0 events):
No events

Internal exceptions (10 events):
Event: 18.124 Thread 0x000000001822a800 Exception <a 'sun/nio/fs/WindowsException'> (0x00000000f1a36758) thrown at [D:\src\AOSP-openjdk-cygwin\jdk8u\hotspot\src\share\vm\prims\jni.cpp, line 709]
Event: 18.130 Thread 0x000000001822a800 Exception <a 'sun/nio/fs/WindowsException'> (0x00000000f1a3d3e8) thrown at [D:\src\AOSP-openjdk-cygwin\jdk8u\hotspot\src\share\vm\prims\jni.cpp, line 709]
Event: 18.134 Thread 0x000000001822a800 Exception <a 'sun/nio/fs/WindowsException'> (0x00000000f1a43220) thrown at [D:\src\AOSP-openjdk-cygwin\jdk8u\hotspot\src\share\vm\prims\jni.cpp, line 709]
Event: 18.138 Thread 0x000000001822a800 Exception <a 'sun/nio/fs/WindowsException'> (0x00000000f1a48728) thrown at [D:\src\AOSP-openjdk-cygwin\jdk8u\hotspot\src\share\vm\prims\jni.cpp, line 709]
Event: 18.142 Thread 0x000000001822a800 Exception <a 'sun/nio/fs/WindowsException'> (0x00000000f1a4e3b0) thrown at [D:\src\AOSP-openjdk-cygwin\jdk8u\hotspot\src\share\vm\prims\jni.cpp, line 709]
Event: 18.146 Thread 0x000000001822a800 Exception <a 'sun/nio/fs/WindowsException'> (0x00000000f1a53f70) thrown at [D:\src\AOSP-openjdk-cygwin\jdk8u\hotspot\src\share\vm\prims\jni.cpp, line 709]
Event: 18.154 Thread 0x000000001822a800 Exception <a 'sun/nio/fs/WindowsException'> (0x00000000f1a5a0d8) thrown at [D:\src\AOSP-openjdk-cygwin\jdk8u\hotspot\src\share\vm\prims\jni.cpp, line 709]
Event: 18.159 Thread 0x000000001822a800 Exception <a 'sun/nio/fs/WindowsException'> (0x00000000f1a5f438) thrown at [D:\src\AOSP-openjdk-cygwin\jdk8u\hotspot\src\share\vm\prims\jni.cpp, line 709]
Event: 18.163 Thread 0x000000001822a800 Exception <a 'sun/nio/fs/WindowsException'> (0x00000000f201b468) thrown at [D:\src\AOSP-openjdk-cygwin\jdk8u\hotspot\src\share\vm\prims\jni.cpp, line 709]
Event: 18.167 Thread 0x000000001822a800 Exception <a 'sun/nio/fs/WindowsException'> (0x00000000f2020850) thrown at [D:\src\AOSP-openjdk-cygwin\jdk8u\hotspot\src\share\vm\prims\jni.cpp, line 709]

Events (10 events):
Event: 18.556 Thread 0x000000001822a000 DEOPT PACKING pc=0x000000000468c2a6 sp=0x00000000222ade40
Event: 18.556 Thread 0x000000001822a000 DEOPT UNPACKING pc=0x00000000027671d0 sp=0x00000000222adbe8 mode 0
Event: 18.556 Thread 0x000000001822a000 DEOPT PACKING pc=0x000000000468c2a6 sp=0x00000000222ade40
Event: 18.556 Thread 0x000000001822a000 DEOPT UNPACKING pc=0x00000000027671d0 sp=0x00000000222adbe8 mode 0
Event: 18.557 Thread 0x000000001822a000 DEOPT PACKING pc=0x000000000468c2a6 sp=0x00000000222ade40
Event: 18.557 Thread 0x000000001822a000 DEOPT UNPACKING pc=0x00000000027671d0 sp=0x00000000222adbe8 mode 0
Event: 18.557 Thread 0x000000001822a000 DEOPT PACKING pc=0x000000000468c2a6 sp=0x00000000222ade40
Event: 18.557 Thread 0x000000001822a000 DEOPT UNPACKING pc=0x00000000027671d0 sp=0x00000000222adbe8 mode 0
Event: 18.557 Thread 0x000000001822a000 DEOPT PACKING pc=0x000000000468c2a6 sp=0x00000000222ade40
Event: 18.557 Thread 0x000000001822a000 DEOPT UNPACKING pc=0x00000000027671d0 sp=0x00000000222adbe8 mode 0


Dynamic libraries:
0x00007ff6046a0000 - 0x00007ff6046d1000 	C:\Program Files\Android\Android Studio\jre\bin\java.exe
0x00007fffc7320000 - 0x00007fffc7501000 	C:\WINDOWS\SYSTEM32\ntdll.dll
0x00007fffc5520000 - 0x00007fffc55d1000 	C:\WINDOWS\System32\KERNEL32.DLL
0x00007fffc3890000 - 0x00007fffc3b03000 	C:\WINDOWS\System32\KERNELBASE.dll
0x00007fffc4ad0000 - 0x00007fffc4b71000 	C:\WINDOWS\System32\ADVAPI32.dll
0x00007fffc4a30000 - 0x00007fffc4ace000 	C:\WINDOWS\System32\msvcrt.dll
0x00007fffc4be0000 - 0x00007fffc4c3b000 	C:\WINDOWS\System32\sechost.dll
0x00007fffc4c50000 - 0x00007fffc4d74000 	C:\WINDOWS\System32\RPCRT4.dll
0x00007fffc4ed0000 - 0x00007fffc5060000 	C:\WINDOWS\System32\USER32.dll
0x00007fffc45a0000 - 0x00007fffc45c0000 	C:\WINDOWS\System32\win32u.dll
0x00007fffc4a00000 - 0x00007fffc4a28000 	C:\WINDOWS\System32\GDI32.dll
0x00007fffc36f0000 - 0x00007fffc3881000 	C:\WINDOWS\System32\gdi32full.dll
0x00007fffc43a0000 - 0x00007fffc443f000 	C:\WINDOWS\System32\msvcp_win.dll
0x00007fffc4440000 - 0x00007fffc4538000 	C:\WINDOWS\System32\ucrtbase.dll
0x00007fffb5ad0000 - 0x00007fffb5d39000 	C:\WINDOWS\WinSxS\amd64_microsoft.windows.common-controls_6595b64144ccf1df_6.0.17134.885_none_fb42a3473065565f\COMCTL32.dll
0x00007fffc5ad0000 - 0x00007fffc5df2000 	C:\WINDOWS\System32\combase.dll
0x00007fffc3c10000 - 0x00007fffc3c89000 	C:\WINDOWS\System32\bcryptPrimitives.dll
0x00007fffc55e0000 - 0x00007fffc560d000 	C:\WINDOWS\System32\IMM32.DLL
0x0000000065b90000 - 0x0000000065c62000 	C:\Program Files\Android\Android Studio\jre\jre\bin\msvcr100.dll
0x0000000065fc0000 - 0x0000000066801000 	C:\Program Files\Android\Android Studio\jre\jre\bin\server\jvm.dll
0x00007fffc4c40000 - 0x00007fffc4c48000 	C:\WINDOWS\System32\PSAPI.DLL
0x00007fffc0350000 - 0x00007fffc0373000 	C:\WINDOWS\SYSTEM32\WINMM.dll
0x00007fffbec60000 - 0x00007fffbec69000 	C:\WINDOWS\SYSTEM32\WSOCK32.dll
0x00007fffc28a0000 - 0x00007fffc28aa000 	C:\WINDOWS\SYSTEM32\VERSION.dll
0x00007fffc5060000 - 0x00007fffc50cc000 	C:\WINDOWS\System32\WS2_32.dll
0x00007fffc0320000 - 0x00007fffc034a000 	C:\WINDOWS\SYSTEM32\WINMMBASE.dll
0x00007fffc3b10000 - 0x00007fffc3b59000 	C:\WINDOWS\System32\cfgmgr32.dll
0x00007fffbec50000 - 0x00007fffbec5f000 	C:\Program Files\Android\Android Studio\jre\jre\bin\verify.dll
0x00007fffbda20000 - 0x00007fffbda49000 	C:\Program Files\Android\Android Studio\jre\jre\bin\java.dll
0x00007fffbea20000 - 0x00007fffbea36000 	C:\Program Files\Android\Android Studio\jre\jre\bin\zip.dll
0x00007fffc5e00000 - 0x00007fffc7240000 	C:\WINDOWS\System32\SHELL32.dll
0x00007fffc4d80000 - 0x00007fffc4e29000 	C:\WINDOWS\System32\shcore.dll
0x00007fffc3c90000 - 0x00007fffc439d000 	C:\WINDOWS\System32\windows.storage.dll
0x00007fffc47b0000 - 0x00007fffc4801000 	C:\WINDOWS\System32\shlwapi.dll
0x00007fffc3630000 - 0x00007fffc3641000 	C:\WINDOWS\System32\kernel.appcore.dll
0x00007fffc36b0000 - 0x00007fffc36cf000 	C:\WINDOWS\System32\profapi.dll
0x00007fffc3660000 - 0x00007fffc36ac000 	C:\WINDOWS\System32\powrprof.dll
0x00007fffc3650000 - 0x00007fffc365a000 	C:\WINDOWS\System32\FLTLIB.DLL
0x00007fffbd9e0000 - 0x00007fffbd9fa000 	C:\Program Files\Android\Android Studio\jre\jre\bin\net.dll
0x00007fffc2eb0000 - 0x00007fffc2f16000 	C:\WINDOWS\system32\mswsock.dll
0x00007fffbcf60000 - 0x00007fffbcf71000 	C:\Program Files\Android\Android Studio\jre\jre\bin\nio.dll
0x00007fffbeb90000 - 0x00007fffbebae000 	C:\Users\Jackson\.gradle\native\25\windows-amd64\native-platform.dll
0x00007fffbec40000 - 0x00007fffbec4d000 	C:\Program Files\Android\Android Studio\jre\jre\bin\management.dll
0x00007fffc3060000 - 0x00007fffc3077000 	C:\WINDOWS\SYSTEM32\CRYPTSP.dll
0x00007fffc2aa0000 - 0x00007fffc2ad3000 	C:\WINDOWS\system32\rsaenh.dll
0x00007fffc3190000 - 0x00007fffc31b5000 	C:\WINDOWS\SYSTEM32\bcrypt.dll
0x00007fffc3530000 - 0x00007fffc3558000 	C:\WINDOWS\SYSTEM32\USERENV.dll
0x00007fffc3080000 - 0x00007fffc308b000 	C:\WINDOWS\SYSTEM32\CRYPTBASE.dll
0x00007fffc2c40000 - 0x00007fffc2c78000 	C:\WINDOWS\SYSTEM32\IPHLPAPI.DLL
0x00007fffc7240000 - 0x00007fffc7248000 	C:\WINDOWS\System32\NSI.dll
0x00007fffbd3f0000 - 0x00007fffbd406000 	C:\WINDOWS\SYSTEM32\dhcpcsvc6.DLL
0x00007fffbd540000 - 0x00007fffbd55a000 	C:\WINDOWS\SYSTEM32\dhcpcsvc.DLL

VM Arguments:
jvm_args: -XX:+HeapDumpOnOutOfMemoryError -Xmx1024m -Dfile.encoding=windows-1252 -Duser.country=FR -Duser.language=fr -Duser.variant 
java_command: org.gradle.launcher.daemon.bootstrap.GradleDaemon 4.6
java_class_path (initial): C:\Users\Jackson\.gradle\wrapper\dists\gradle-4.6-all\bcst21l2brirad8k2ben1letg\gradle-4.6\lib\gradle-launcher-4.6.jar
Launcher Type: SUN_STANDARD

Environment Variables:
PATH=C:\Program Files (x86)\Common Files\Oracle\Java\javapath;C:\Windows\system32;C:\Windows;C:\Windows\System32\Wbem;C:\Windows\System32\WindowsPowerShell\v1.0\;C:\Program Files (x86)\NVIDIA Corporation\PhysX\Common;C:\WINDOWS\system32;C:\WINDOWS;C:\WINDOWS\System32\Wbem;C:\WINDOWS\System32\WindowsPowerShell\v1.0\;C:\Program Files (x86)\Common Files\Acronis\SnapAPI\;C:\WINDOWS\System32\OpenSSH\;C:\Program Files (x86)\AMD\ATI.ACE\Core-Static;C:\StrawberryPerl\c\bin;C:\StrawberryPerl\perl\site\bin;C:\StrawberryPerl\perl\bin;C:\Users\Jackson\AppData\Local\Microsoft\WindowsApps;C:\Program Files\JetBrains\PyCharm Community Edition 2020.1\bin;;C:\StrawberryPerl\perl\bin;C:\Users\Jackson\AppData\Local\Programs\Python\Python38\Scripts;C:\Users\Jackson\AppData\Local\Programs\Python\Python38;;C:\Program Files (x86)\Common Files\Acronis\TibMounter64
USERNAME=Jackson
OS=Windows_NT
PROCESSOR_IDENTIFIER=Intel64 Family 6 Model 30 Stepping 5, GenuineIntel



---------------  S Y S T E M  ---------------

OS: Windows 10.0 , 64 bit Build 17134 (10.0.17134.753)

CPU:total 4 (initial active 4) (4 cores per cpu, 1 threads per core) family 6 model 30 stepping 5, cmov, cx8, fxsr, mmx, sse, sse2, sse3, ssse3, sse4.1, sse4.2, popcnt, tsc, tscinvbit

Memory: 4k page, physical 8379828k(1285516k free), swap 8379828k(1376k free)

vm_info: OpenJDK 64-Bit Server VM (25.152-b01) for windows-amd64 JRE (1.8.0_152-release-1343-b01), built by "builder" with MS VC++ 10.0 (VS2010)

time: Wed May 13 09:14:48 2020
elapsed time: 18 seconds (0d 0h 0m 18s)

