#
# There is insufficient memory for the Java Runtime Environment to continue.
# Native memory allocation (malloc) failed to allocate 1032416 bytes for Chunk::new
# Possible reasons:
#   The system is out of physical RAM or swap space
#   In 32 bit mode, the process size limit was hit
# Possible solutions:
#   Reduce memory load on the system
#   Increase physical memory or swap space
#   Check if swap backing store is full
#   Use 64 bit Java on a 64 bit OS
#   Decrease Java heap size (-Xmx/-Xms)
#   Decrease number of Java threads
#   Decrease Java thread stack sizes (-Xss)
#   Set larger code cache with -XX:ReservedCodeCacheSize=
# This output file may be truncated or incomplete.
#
#  Out of Memory Error (allocation.cpp:390), pid=8276, tid=0x0000000000002dbc
#
# JRE version: OpenJDK Runtime Environment (8.0_152-b01) (build 1.8.0_152-release-1343-b01)
# Java VM: OpenJDK 64-Bit Server VM (25.152-b01 mixed mode windows-amd64 compressed oops)
# Failed to write core dump. Minidumps are not enabled by default on client versions of Windows
#

---------------  T H R E A D  ---------------

Current thread (0x000000001522d000):  JavaThread "C2 CompilerThread0" daemon [_thread_in_native, id=11708, stack(0x00000000168b0000,0x00000000169b0000)]

Stack: [0x00000000168b0000,0x00000000169b0000]
[error occurred during error reporting (printing stack bounds), id 0xc0000005]

Native frames: (J=compiled Java code, j=interpreted, Vv=VM code, C=native code)


Current CompileTask:
C2:  12728 6976       4       com.android.utils.XmlUtils::append (540 bytes)


---------------  P R O C E S S  ---------------

Java Threads: ( => current thread )
  0x0000000018967000 JavaThread "Task worker for ':' Thread 3" [_thread_blocked, id=5984, stack(0x0000000020f00000,0x0000000021000000)]
  0x000000001896e000 JavaThread "Task worker for ':' Thread 2" [_thread_blocked, id=5904, stack(0x0000000020e00000,0x0000000020f00000)]
  0x000000001896c800 JavaThread "Task worker for ':'" [_thread_in_native, id=5880, stack(0x0000000020d00000,0x0000000020e00000)]
  0x0000000018968000 JavaThread "Cache worker for Build Output Cleanup Cache (C:\Users\Jackson\AndroidSudioProjects\remote_V2\.gradle\buildOutputCleanup)" [_thread_blocked, id=5764, stack(0x0000000020c00000,0x0000000020d00000)]
  0x0000000018966800 JavaThread "Cache worker for task history cache (C:\Users\Jackson\AndroidSudioProjects\remote_V2\.gradle\4.6\taskHistory)" [_thread_blocked, id=5760, stack(0x0000000020b00000,0x0000000020c00000)]
  0x000000001896b800 JavaThread "Cache worker for file content cache (C:\Users\Jackson\AndroidSudioProjects\remote_V2\.gradle\4.6\fileContent)" [_thread_blocked, id=5664, stack(0x00000000201e0000,0x00000000202e0000)]
  0x0000000018968800 JavaThread "Memory manager" [_thread_blocked, id=4592, stack(0x000000001f8e0000,0x000000001f9e0000)]
  0x000000001ba6a800 JavaThread "Build operations Thread 4" [_thread_blocked, id=11596, stack(0x000000001f1c0000,0x000000001f2c0000)]
  0x000000001ba6c800 JavaThread "Build operations Thread 3" [_thread_blocked, id=11540, stack(0x000000001f0c0000,0x000000001f1c0000)]
  0x000000001ba6d800 JavaThread "Build operations Thread 2" [_thread_blocked, id=3648, stack(0x000000001efc0000,0x000000001f0c0000)]
  0x000000001ba67800 JavaThread "Build operations" [_thread_blocked, id=2512, stack(0x000000001eec0000,0x000000001efc0000)]
  0x000000001ba6c000 JavaThread "Cache worker for Artifact transforms cache (C:\Users\Jackson\.gradle\caches\transforms-1)" [_thread_blocked, id=7408, stack(0x000000001ebc0000,0x000000001ecc0000)]
  0x0000000018241800 JavaThread "Cache worker for file hash cache (C:\Users\Jackson\AndroidSudioProjects\remote_V2\.gradle\4.6\fileHashes)" [_thread_blocked, id=3408, stack(0x000000001ae00000,0x000000001af00000)]
  0x000000001860c800 JavaThread "File lock request listener" [_thread_in_native, id=11796, stack(0x0000000019d30000,0x0000000019e30000)]
  0x000000001843f800 JavaThread "Cache worker for file hash cache (C:\Users\Jackson\.gradle\caches\4.6\fileHashes)" [_thread_blocked, id=11808, stack(0x0000000019c30000,0x0000000019d30000)]
  0x0000000018321000 JavaThread "Stdin handler" [_thread_blocked, id=11696, stack(0x0000000019930000,0x0000000019a30000)]
  0x0000000018335800 JavaThread "Asynchronous log dispatcher for DefaultDaemonConnection: socket connection from /127.0.0.1:51177 to /127.0.0.1:51178" [_thread_blocked, id=11756, stack(0x0000000019830000,0x0000000019930000)]
  0x0000000018316800 JavaThread "Daemon worker" [_thread_blocked, id=11364, stack(0x0000000019730000,0x0000000019830000)]
  0x0000000018313800 JavaThread "Cancel handler" [_thread_blocked, id=11764, stack(0x0000000019630000,0x0000000019730000)]
  0x00000000182bc800 JavaThread "Handler for socket connection from /127.0.0.1:51177 to /127.0.0.1:51178" [_thread_in_native, id=11768, stack(0x0000000019330000,0x0000000019430000)]
  0x00000000182bb800 JavaThread "Daemon" [_thread_blocked, id=11688, stack(0x0000000019230000,0x0000000019330000)]
  0x000000001828b800 JavaThread "Daemon periodic checks" [_thread_blocked, id=11740, stack(0x0000000019130000,0x0000000019230000)]
  0x0000000018266800 JavaThread "Incoming local TCP Connector on port 51177" [_thread_in_native, id=2824, stack(0x0000000018ec0000,0x0000000018fc0000)]
  0x0000000016bd8800 JavaThread "Service Thread" daemon [_thread_blocked, id=6892, stack(0x0000000016fb0000,0x00000000170b0000)]
  0x000000001523d000 JavaThread "C1 CompilerThread2" daemon [_thread_blocked, id=11704, stack(0x0000000016ab0000,0x0000000016bb0000)]
  0x0000000015230000 JavaThread "C2 CompilerThread1" daemon [_thread_in_native, id=11732, stack(0x00000000169b0000,0x0000000016ab0000)]
=>0x000000001522d000 JavaThread "C2 CompilerThread0" daemon [_thread_in_native, id=11708, stack(0x00000000168b0000,0x00000000169b0000)]
  0x0000000015238800 JavaThread "Attach Listener" daemon [_thread_blocked, id=11712, stack(0x00000000167b0000,0x00000000168b0000)]
  0x0000000015237000 JavaThread "Signal Dispatcher" daemon [_thread_blocked, id=11716, stack(0x00000000166b0000,0x00000000167b0000)]
  0x0000000002b5c800 JavaThread "Finalizer" daemon [_thread_blocked, id=11300, stack(0x0000000016490000,0x0000000016590000)]
  0x0000000002b50800 JavaThread "Reference Handler" daemon [_thread_blocked, id=7088, stack(0x0000000016390000,0x0000000016490000)]
  0x0000000002a5e800 JavaThread "main" [_thread_blocked, id=11512, stack(0x0000000002890000,0x0000000002990000)]

Other Threads:
  0x00000000151f7000 VMThread [stack: 0x0000000016290000,0x0000000016390000] [id=11516]
  0x0000000016bd9000 WatcherThread [stack: 0x00000000170b0000,0x00000000171b0000] [id=11736]

VM state:not at safepoint (normal execution)

VM Mutex/Monitor currently owned by a thread: None

Heap:
 PSYoungGen      total 211456K, used 9009K [0x00000000eab00000, 0x00000000f9500000, 0x0000000100000000)
  eden space 189440K, 4% used [0x00000000eab00000,0x00000000eb3cc6b8,0x00000000f6400000)
  from space 22016K, 0% used [0x00000000f7a00000,0x00000000f7a00000,0x00000000f8f80000)
  to   space 22528K, 0% used [0x00000000f6400000,0x00000000f6400000,0x00000000f7a00000)
 ParOldGen       total 155136K, used 39048K [0x00000000c0000000, 0x00000000c9780000, 0x00000000eab00000)
  object space 155136K, 25% used [0x00000000c0000000,0x00000000c2622150,0x00000000c9780000)
 Metaspace       used 57133K, capacity 58954K, committed 59264K, reserved 1099776K
  class space    used 7739K, capacity 8218K, committed 8320K, reserved 1048576K

Card table byte_map: [0x0000000011f20000,0x0000000012130000] byte_map_base: 0x0000000011920000

Marking Bits: (ParMarkBitMap*) 0x0000000066785aa0
 Begin Bits: [0x0000000012690000, 0x0000000013690000)
 End Bits:   [0x0000000013690000, 0x0000000014690000)

Polling page: 0x0000000000c40000

CodeCache: size=245760Kb used=20602Kb max_used=20602Kb free=225157Kb
 bounds [0x0000000002b60000, 0x0000000003fa0000, 0x0000000011b60000]
 total_blobs=7058 nmethods=6276 adapters=695
 compilation: enabled

Compilation events (10 events):
Event: 12.715 Thread 0x000000001523d000 nmethod 7036 0x0000000003f7ed50 code [0x0000000003f7eea0, 0x0000000003f7efb0]
Event: 12.715 Thread 0x000000001523d000 7038       2       java.util.concurrent.ConcurrentLinkedQueue::updateHead (20 bytes)
Event: 12.715 Thread 0x000000001523d000 nmethod 7038 0x0000000003f7f010 code [0x0000000003f7f160, 0x0000000003f7f330]
Event: 12.715 Thread 0x000000001523d000 7037       1       com.android.ide.common.resources.CompileResourceRequest::getOutputDirectory (5 bytes)
Event: 12.716 Thread 0x000000001523d000 nmethod 7037 0x0000000003f7f3d0 code [0x0000000003f7f520, 0x0000000003f7f630]
Event: 12.716 Thread 0x000000001523d000 7035       3       com.google.common.cache.LocalCache$Segment::getFirst (21 bytes)
Event: 12.716 Thread 0x000000001523d000 nmethod 7035 0x0000000003f7f690 code [0x0000000003f7f820, 0x0000000003f7fd08]
Event: 12.716 Thread 0x000000001523d000 7042       3       com.android.build.gradle.internal.aapt.WorkerExecutorResourceCompilationService::compileOutputFor (25 bytes)
Event: 12.716 Thread 0x000000001523d000 nmethod 7042 0x0000000003f7fed0 code [0x0000000003f80060, 0x0000000003f80488]
Event: 12.716 Thread 0x000000001523d000 7043       3       com.android.builder.internal.aapt.v2.Aapt2RenamingConventions::compilationRename (156 bytes)

GC Heap History (10 events):
Event: 5.830 GC heap before
{Heap before GC invocations=9 (full 2):
 PSYoungGen      total 141312K, used 9713K [0x00000000eab00000, 0x00000000f6080000, 0x0000000100000000)
  eden space 131584K, 0% used [0x00000000eab00000,0x00000000eab00000,0x00000000f2b80000)
  from space 9728K, 99% used [0x00000000f2b80000,0x00000000f34fc740,0x00000000f3500000)
  to   space 12800K, 0% used [0x00000000f5400000,0x00000000f5400000,0x00000000f6080000)
 ParOldGen       total 59392K, used 11381K [0x00000000c0000000, 0x00000000c3a00000, 0x00000000eab00000)
  object space 59392K, 19% used [0x00000000c0000000,0x00000000c0b1d6a0,0x00000000c3a00000)
 Metaspace       used 34527K, capacity 35312K, committed 35416K, reserved 1079296K
  class space    used 4786K, capacity 5052K, committed 5120K, reserved 1048576K
Event: 5.943 GC heap after
Heap after GC invocations=9 (full 2):
 PSYoungGen      total 141312K, used 0K [0x00000000eab00000, 0x00000000f6080000, 0x0000000100000000)
  eden space 131584K, 0% used [0x00000000eab00000,0x00000000eab00000,0x00000000f2b80000)
  from space 9728K, 0% used [0x00000000f2b80000,0x00000000f2b80000,0x00000000f3500000)
  to   space 12800K, 0% used [0x00000000f5400000,0x00000000f5400000,0x00000000f6080000)
 ParOldGen       total 101376K, used 19207K [0x00000000c0000000, 0x00000000c6300000, 0x00000000eab00000)
  object space 101376K, 18% used [0x00000000c0000000,0x00000000c12c1da8,0x00000000c6300000)
 Metaspace       used 34527K, capacity 35312K, committed 35416K, reserved 1079296K
  class space    used 4786K, capacity 5052K, committed 5120K, reserved 1048576K
}
Event: 7.712 GC heap before
{Heap before GC invocations=10 (full 2):
 PSYoungGen      total 141312K, used 131584K [0x00000000eab00000, 0x00000000f6080000, 0x0000000100000000)
  eden space 131584K, 100% used [0x00000000eab00000,0x00000000f2b80000,0x00000000f2b80000)
  from space 9728K, 0% used [0x00000000f2b80000,0x00000000f2b80000,0x00000000f3500000)
  to   space 12800K, 0% used [0x00000000f5400000,0x00000000f5400000,0x00000000f6080000)
 ParOldGen       total 101376K, used 19207K [0x00000000c0000000, 0x00000000c6300000, 0x00000000eab00000)
  object space 101376K, 18% used [0x00000000c0000000,0x00000000c12c1da8,0x00000000c6300000)
 Metaspace       used 43334K, capacity 44346K, committed 44672K, reserved 1087488K
  class space    used 5876K, capacity 6194K, committed 6272K, reserved 1048576K
Event: 7.746 GC heap after
Heap after GC invocations=10 (full 2):
 PSYoungGen      total 169984K, used 12776K [0x00000000eab00000, 0x00000000f7b00000, 0x0000000100000000)
  eden space 157184K, 0% used [0x00000000eab00000,0x00000000eab00000,0x00000000f4480000)
  from space 12800K, 99% used [0x00000000f5400000,0x00000000f607a030,0x00000000f6080000)
  to   space 15872K, 0% used [0x00000000f4480000,0x00000000f4480000,0x00000000f5400000)
 ParOldGen       total 101376K, used 22200K [0x00000000c0000000, 0x00000000c6300000, 0x00000000eab00000)
  object space 101376K, 21% used [0x00000000c0000000,0x00000000c15ae010,0x00000000c6300000)
 Metaspace       used 43334K, capacity 44346K, committed 44672K, reserved 1087488K
  class space    used 5876K, capacity 6194K, committed 6272K, reserved 1048576K
}
Event: 11.406 GC heap before
{Heap before GC invocations=11 (full 2):
 PSYoungGen      total 169984K, used 169960K [0x00000000eab00000, 0x00000000f7b00000, 0x0000000100000000)
  eden space 157184K, 100% used [0x00000000eab00000,0x00000000f4480000,0x00000000f4480000)
  from space 12800K, 99% used [0x00000000f5400000,0x00000000f607a030,0x00000000f6080000)
  to   space 15872K, 0% used [0x00000000f4480000,0x00000000f4480000,0x00000000f5400000)
 ParOldGen       total 101376K, used 22200K [0x00000000c0000000, 0x00000000c6300000, 0x00000000eab00000)
  object space 101376K, 21% used [0x00000000c0000000,0x00000000c15ae010,0x00000000c6300000)
 Metaspace       used 56269K, capacity 58104K, committed 58368K, reserved 1099776K
  class space    used 7677K, capacity 8151K, committed 8192K, reserved 1048576K
Event: 11.436 GC heap after
Heap after GC invocations=11 (full 2):
 PSYoungGen      total 173056K, used 15845K [0x00000000eab00000, 0x00000000f8f80000, 0x0000000100000000)
  eden space 157184K, 0% used [0x00000000eab00000,0x00000000eab00000,0x00000000f4480000)
  from space 15872K, 99% used [0x00000000f4480000,0x00000000f53f97a0,0x00000000f5400000)
  to   space 22016K, 0% used [0x00000000f7a00000,0x00000000f7a00000,0x00000000f8f80000)
 ParOldGen       total 101376K, used 32236K [0x00000000c0000000, 0x00000000c6300000, 0x00000000eab00000)
  object space 101376K, 31% used [0x00000000c0000000,0x00000000c1f7b308,0x00000000c6300000)
 Metaspace       used 56269K, capacity 58104K, committed 58368K, reserved 1099776K
  class space    used 7677K, capacity 8151K, committed 8192K, reserved 1048576K
}
Event: 12.301 GC heap before
{Heap before GC invocations=12 (full 2):
 PSYoungGen      total 173056K, used 69315K [0x00000000eab00000, 0x00000000f8f80000, 0x0000000100000000)
  eden space 157184K, 34% used [0x00000000eab00000,0x00000000edf375f8,0x00000000f4480000)
  from space 15872K, 99% used [0x00000000f4480000,0x00000000f53f97a0,0x00000000f5400000)
  to   space 22016K, 0% used [0x00000000f7a00000,0x00000000f7a00000,0x00000000f8f80000)
 ParOldGen       total 101376K, used 32236K [0x00000000c0000000, 0x00000000c6300000, 0x00000000eab00000)
  object space 101376K, 31% used [0x00000000c0000000,0x00000000c1f7b308,0x00000000c6300000)
 Metaspace       used 57060K, capacity 58884K, committed 59008K, reserved 1099776K
  class space    used 7732K, capacity 8217K, committed 8320K, reserved 1048576K
Event: 12.325 GC heap after
Heap after GC invocations=12 (full 2):
 PSYoungGen      total 211456K, used 15695K [0x00000000eab00000, 0x00000000f9500000, 0x0000000100000000)
  eden space 189440K, 0% used [0x00000000eab00000,0x00000000eab00000,0x00000000f6400000)
  from space 22016K, 71% used [0x00000000f7a00000,0x00000000f8953f18,0x00000000f8f80000)
  to   space 22528K, 0% used [0x00000000f6400000,0x00000000f6400000,0x00000000f7a00000)
 ParOldGen       total 101376K, used 39759K [0x00000000c0000000, 0x00000000c6300000, 0x00000000eab00000)
  object space 101376K, 39% used [0x00000000c0000000,0x00000000c26d3cb0,0x00000000c6300000)
 Metaspace       used 57060K, capacity 58884K, committed 59008K, reserved 1099776K
  class space    used 7732K, capacity 8217K, committed 8320K, reserved 1048576K
}
Event: 12.325 GC heap before
{Heap before GC invocations=13 (full 3):
 PSYoungGen      total 211456K, used 15695K [0x00000000eab00000, 0x00000000f9500000, 0x0000000100000000)
  eden space 189440K, 0% used [0x00000000eab00000,0x00000000eab00000,0x00000000f6400000)
  from space 22016K, 71% used [0x00000000f7a00000,0x00000000f8953f18,0x00000000f8f80000)
  to   space 22528K, 0% used [0x00000000f6400000,0x00000000f6400000,0x00000000f7a00000)
 ParOldGen       total 101376K, used 39759K [0x00000000c0000000, 0x00000000c6300000, 0x00000000eab00000)
  object space 101376K, 39% used [0x00000000c0000000,0x00000000c26d3cb0,0x00000000c6300000)
 Metaspace       used 57060K, capacity 58884K, committed 59008K, reserved 1099776K
  class space    used 7732K, capacity 8217K, committed 8320K, reserved 1048576K
Event: 12.519 GC heap after
Heap after GC invocations=13 (full 3):
 PSYoungGen      total 211456K, used 0K [0x00000000eab00000, 0x00000000f9500000, 0x0000000100000000)
  eden space 189440K, 0% used [0x00000000eab00000,0x00000000eab00000,0x00000000f6400000)
  from space 22016K, 0% used [0x00000000f7a00000,0x00000000f7a00000,0x00000000f8f80000)
  to   space 22528K, 0% used [0x00000000f6400000,0x00000000f6400000,0x00000000f7a00000)
 ParOldGen       total 155136K, used 39048K [0x00000000c0000000, 0x00000000c9780000, 0x00000000eab00000)
  object space 155136K, 25% used [0x00000000c0000000,0x00000000c2622150,0x00000000c9780000)
 Metaspace       used 57060K, capacity 58884K, committed 59008K, reserved 1099776K
  class space    used 7732K, capacity 8217K, committed 8320K, reserved 1048576K
}

Deoptimization events (10 events):
Event: 12.158 Thread 0x000000001896c800 Uncommon trap: reason=unstable_if action=reinterpret pc=0x0000000003e7cb14 method=com.sun.org.apache.xerces.internal.impl.XMLDocumentFragmentScannerImpl.scanEndElement()I @ 136
Event: 12.174 Thread 0x000000001896c800 Uncommon trap: reason=unstable_if action=reinterpret pc=0x0000000003e57edc method=com.android.utils.PositionXmlParser$DomBuilder.findOpeningTag(Lcom/android/utils/PositionXmlParser$Position;)Lcom/android/utils/PositionXmlParser$Position; @ 81
Event: 12.177 Thread 0x000000001896c800 Uncommon trap: reason=unstable_if action=reinterpret pc=0x000000000389f508 method=com.android.utils.PositionXmlParser$DomBuilder.findOpeningTag(Lcom/android/utils/PositionXmlParser$Position;)Lcom/android/utils/PositionXmlParser$Position; @ 81
Event: 12.247 Thread 0x000000001896c800 Uncommon trap: reason=bimorphic action=maybe_recompile pc=0x0000000003e644a8 method=com.sun.org.apache.xerces.internal.dom.CoreDocumentImpl.isKidOK(Lorg/w3c/dom/Node;Lorg/w3c/dom/Node;)Z @ 39
Event: 12.249 Thread 0x000000001896c800 Uncommon trap: reason=unstable_if action=reinterpret pc=0x0000000002d9c9a0 method=com.sun.org.apache.xerces.internal.dom.NodeImpl.isOwned(Z)V @ 2
Event: 12.249 Thread 0x000000001896c800 Uncommon trap: reason=bimorphic action=maybe_recompile pc=0x0000000003e644a8 method=com.sun.org.apache.xerces.internal.dom.CoreDocumentImpl.isKidOK(Lorg/w3c/dom/Node;Lorg/w3c/dom/Node;)Z @ 39
Event: 12.249 Thread 0x000000001896c800 Uncommon trap: reason=bimorphic action=maybe_recompile pc=0x0000000003e644a8 method=com.sun.org.apache.xerces.internal.dom.CoreDocumentImpl.isKidOK(Lorg/w3c/dom/Node;Lorg/w3c/dom/Node;)Z @ 39
Event: 12.249 Thread 0x000000001896c800 Uncommon trap: reason=bimorphic action=maybe_recompile pc=0x0000000003e644a8 method=com.sun.org.apache.xerces.internal.dom.CoreDocumentImpl.isKidOK(Lorg/w3c/dom/Node;Lorg/w3c/dom/Node;)Z @ 39
Event: 12.249 Thread 0x000000001896c800 Uncommon trap: reason=bimorphic action=maybe_recompile pc=0x0000000003e5cbf8 method=com.sun.org.apache.xerces.internal.dom.CoreDocumentImpl.isKidOK(Lorg/w3c/dom/Node;Lorg/w3c/dom/Node;)Z @ 39
Event: 12.528 Thread 0x000000001896c800 Uncommon trap: reason=null_check action=make_not_entrant pc=0x0000000003f22d5c method=com.android.ide.common.resources.NodeUtils.processSingleNodeNamespace(Lorg/w3c/dom/Node;Lorg/w3c/dom/Document;)Z @ 8

Classes redefined (0 events):
No events

Internal exceptions (10 events):
Event: 9.651 Thread 0x0000000018316800 Exception <a 'java/lang/NoSuchMethodError': <clinit>> (0x00000000f17eb9f8) thrown at [D:\src\AOSP-openjdk-cygwin\jdk8u\hotspot\src\share\vm\prims\jni.cpp, line 1613]
Event: 9.651 Thread 0x0000000018316800 Exception <a 'java/lang/NoSuchMethodError': <clinit>> (0x00000000f17ed860) thrown at [D:\src\AOSP-openjdk-cygwin\jdk8u\hotspot\src\share\vm\prims\jni.cpp, line 1613]
Event: 9.726 Thread 0x0000000018967000 Implicit null exception at 0x0000000002f96a22 to 0x0000000002f96f4d
Event: 10.392 Thread 0x000000001896c800 Exception <a 'java/lang/NoSuchMethodError': <clinit>> (0x00000000f188d9b8) thrown at [D:\src\AOSP-openjdk-cygwin\jdk8u\hotspot\src\share\vm\prims\jni.cpp, line 1613]
Event: 10.480 Thread 0x000000001896c800 Exception <a 'java/lang/NoSuchMethodError': <clinit>> (0x00000000f3123820) thrown at [D:\src\AOSP-openjdk-cygwin\jdk8u\hotspot\src\share\vm\prims\jni.cpp, line 1613]
Event: 10.481 Thread 0x000000001896c800 Exception <a 'java/lang/NoSuchMethodError': <clinit>> (0x00000000f312d380) thrown at [D:\src\AOSP-openjdk-cygwin\jdk8u\hotspot\src\share\vm\prims\jni.cpp, line 1613]
Event: 10.482 Thread 0x000000001896c800 Exception <a 'java/lang/NoSuchMethodError': <clinit>> (0x00000000f3143628) thrown at [D:\src\AOSP-openjdk-cygwin\jdk8u\hotspot\src\share\vm\prims\jni.cpp, line 1613]
Event: 10.484 Thread 0x000000001896c800 Exception <a 'java/lang/NoSuchMethodError': <clinit>> (0x00000000f314eae0) thrown at [D:\src\AOSP-openjdk-cygwin\jdk8u\hotspot\src\share\vm\prims\jni.cpp, line 1613]
Event: 12.158 Thread 0x000000001896c800 Implicit null exception at 0x0000000003e7e3d8 to 0x0000000003e7cb01
Event: 12.528 Thread 0x000000001896c800 Implicit null exception at 0x0000000003f22a17 to 0x0000000003f22d4d

Events (10 events):
Event: 12.521 Executing VM operation: RevokeBias done
Event: 12.522 loading class com/android/ide/common/blame/MergingLogPersistUtil$SourcePositionsSerializer$JsonTypeAdapter
Event: 12.522 loading class com/android/ide/common/blame/MergingLogPersistUtil$SourcePositionsSerializer$JsonTypeAdapter done
Event: 12.528 Thread 0x000000001896c800 Uncommon trap: trap_request=0xfffffff4 fr.pc=0x0000000003f22d5c
Event: 12.529 Thread 0x000000001896c800 DEOPT PACKING pc=0x0000000003f22d5c sp=0x0000000020dfcc20
Event: 12.529 Thread 0x000000001896c800 DEOPT UNPACKING pc=0x0000000002ba557b sp=0x0000000020dfcbb0 mode 2
Event: 12.567 Thread 0x000000001896c800 DEOPT PACKING pc=0x0000000003f273cf sp=0x0000000020dfc640
Event: 12.567 Thread 0x000000001896c800 DEOPT UNPACKING pc=0x0000000002ba71d0 sp=0x0000000020dfc448 mode 0
Event: 12.584 Thread 0x000000001896c800 DEOPT PACKING pc=0x0000000003f273cf sp=0x0000000020dfc640
Event: 12.584 Thread 0x000000001896c800 DEOPT UNPACKING pc=0x0000000002ba71d0 sp=0x0000000020dfc448 mode 0


Dynamic libraries:
0x00007ff6046a0000 - 0x00007ff6046d1000 	C:\Program Files\Android\Android Studio\jre\bin\java.exe
0x00007fffc7320000 - 0x00007fffc7501000 	C:\WINDOWS\SYSTEM32\ntdll.dll
0x00007fffc5520000 - 0x00007fffc55d1000 	C:\WINDOWS\System32\KERNEL32.DLL
0x00007fffc3890000 - 0x00007fffc3b03000 	C:\WINDOWS\System32\KERNELBASE.dll
0x00007fffc4ad0000 - 0x00007fffc4b71000 	C:\WINDOWS\System32\ADVAPI32.dll
0x00007fffc4a30000 - 0x00007fffc4ace000 	C:\WINDOWS\System32\msvcrt.dll
0x00007fffc4be0000 - 0x00007fffc4c3b000 	C:\WINDOWS\System32\sechost.dll
0x00007fffc4c50000 - 0x00007fffc4d74000 	C:\WINDOWS\System32\RPCRT4.dll
0x00007fffc4ed0000 - 0x00007fffc5060000 	C:\WINDOWS\System32\USER32.dll
0x00007fffc45a0000 - 0x00007fffc45c0000 	C:\WINDOWS\System32\win32u.dll
0x00007fffc4a00000 - 0x00007fffc4a28000 	C:\WINDOWS\System32\GDI32.dll
0x00007fffc36f0000 - 0x00007fffc3881000 	C:\WINDOWS\System32\gdi32full.dll
0x00007fffc43a0000 - 0x00007fffc443f000 	C:\WINDOWS\System32\msvcp_win.dll
0x00007fffc4440000 - 0x00007fffc4538000 	C:\WINDOWS\System32\ucrtbase.dll
0x00007fffb5ad0000 - 0x00007fffb5d39000 	C:\WINDOWS\WinSxS\amd64_microsoft.windows.common-controls_6595b64144ccf1df_6.0.17134.885_none_fb42a3473065565f\COMCTL32.dll
0x00007fffc5ad0000 - 0x00007fffc5df2000 	C:\WINDOWS\System32\combase.dll
0x00007fffc3c10000 - 0x00007fffc3c89000 	C:\WINDOWS\System32\bcryptPrimitives.dll
0x00007fffc55e0000 - 0x00007fffc560d000 	C:\WINDOWS\System32\IMM32.DLL
0x0000000065b90000 - 0x0000000065c62000 	C:\Program Files\Android\Android Studio\jre\jre\bin\msvcr100.dll
0x0000000065fc0000 - 0x0000000066801000 	C:\Program Files\Android\Android Studio\jre\jre\bin\server\jvm.dll
0x00007fffc4c40000 - 0x00007fffc4c48000 	C:\WINDOWS\System32\PSAPI.DLL
0x00007fffbec60000 - 0x00007fffbec69000 	C:\WINDOWS\SYSTEM32\WSOCK32.dll
0x00007fffc0350000 - 0x00007fffc0373000 	C:\WINDOWS\SYSTEM32\WINMM.dll
0x00007fffc28a0000 - 0x00007fffc28aa000 	C:\WINDOWS\SYSTEM32\VERSION.dll
0x00007fffc5060000 - 0x00007fffc50cc000 	C:\WINDOWS\System32\WS2_32.dll
0x00007fffc0320000 - 0x00007fffc034a000 	C:\WINDOWS\SYSTEM32\WINMMBASE.dll
0x00007fffc3b10000 - 0x00007fffc3b59000 	C:\WINDOWS\System32\cfgmgr32.dll
0x00007fffbec50000 - 0x00007fffbec5f000 	C:\Program Files\Android\Android Studio\jre\jre\bin\verify.dll
0x00007fffbda20000 - 0x00007fffbda49000 	C:\Program Files\Android\Android Studio\jre\jre\bin\java.dll
0x00007fffbea20000 - 0x00007fffbea36000 	C:\Program Files\Android\Android Studio\jre\jre\bin\zip.dll
0x00007fffc5e00000 - 0x00007fffc7240000 	C:\WINDOWS\System32\SHELL32.dll
0x00007fffc4d80000 - 0x00007fffc4e29000 	C:\WINDOWS\System32\shcore.dll
0x00007fffc3c90000 - 0x00007fffc439d000 	C:\WINDOWS\System32\windows.storage.dll
0x00007fffc47b0000 - 0x00007fffc4801000 	C:\WINDOWS\System32\shlwapi.dll
0x00007fffc3630000 - 0x00007fffc3641000 	C:\WINDOWS\System32\kernel.appcore.dll
0x00007fffc36b0000 - 0x00007fffc36cf000 	C:\WINDOWS\System32\profapi.dll
0x00007fffc3660000 - 0x00007fffc36ac000 	C:\WINDOWS\System32\powrprof.dll
0x00007fffc3650000 - 0x00007fffc365a000 	C:\WINDOWS\System32\FLTLIB.DLL
0x00007fffbd9e0000 - 0x00007fffbd9fa000 	C:\Program Files\Android\Android Studio\jre\jre\bin\net.dll
0x00007fffc2eb0000 - 0x00007fffc2f16000 	C:\WINDOWS\system32\mswsock.dll
0x00007fffbcf60000 - 0x00007fffbcf71000 	C:\Program Files\Android\Android Studio\jre\jre\bin\nio.dll
0x00007fffbeb90000 - 0x00007fffbebae000 	C:\Users\Jackson\.gradle\native\25\windows-amd64\native-platform.dll
0x00007fffbec40000 - 0x00007fffbec4d000 	C:\Program Files\Android\Android Studio\jre\jre\bin\management.dll
0x00007fffc3060000 - 0x00007fffc3077000 	C:\WINDOWS\SYSTEM32\CRYPTSP.dll
0x00007fffc2aa0000 - 0x00007fffc2ad3000 	C:\WINDOWS\system32\rsaenh.dll
0x00007fffc3190000 - 0x00007fffc31b5000 	C:\WINDOWS\SYSTEM32\bcrypt.dll
0x00007fffc3530000 - 0x00007fffc3558000 	C:\WINDOWS\SYSTEM32\USERENV.dll
0x00007fffc3080000 - 0x00007fffc308b000 	C:\WINDOWS\SYSTEM32\CRYPTBASE.dll
0x00007fffc2c40000 - 0x00007fffc2c78000 	C:\WINDOWS\SYSTEM32\IPHLPAPI.DLL
0x00007fffc7240000 - 0x00007fffc7248000 	C:\WINDOWS\System32\NSI.dll
0x00007fffbd3f0000 - 0x00007fffbd406000 	C:\WINDOWS\SYSTEM32\dhcpcsvc6.DLL
0x00007fffbd540000 - 0x00007fffbd55a000 	C:\WINDOWS\SYSTEM32\dhcpcsvc.DLL

VM Arguments:
jvm_args: -XX:+HeapDumpOnOutOfMemoryError -Xmx1024m -Dfile.encoding=windows-1252 -Duser.country=FR -Duser.language=fr -Duser.variant 
java_command: org.gradle.launcher.daemon.bootstrap.GradleDaemon 4.6
java_class_path (initial): C:\Users\Jackson\.gradle\wrapper\dists\gradle-4.6-all\bcst21l2brirad8k2ben1letg\gradle-4.6\lib\gradle-launcher-4.6.jar
Launcher Type: SUN_STANDARD

Environment Variables:
PATH=C:\Program Files (x86)\Common Files\Oracle\Java\javapath;C:\Windows\system32;C:\Windows;C:\Windows\System32\Wbem;C:\Windows\System32\WindowsPowerShell\v1.0\;C:\Program Files (x86)\NVIDIA Corporation\PhysX\Common;C:\WINDOWS\system32;C:\WINDOWS;C:\WINDOWS\System32\Wbem;C:\WINDOWS\System32\WindowsPowerShell\v1.0\;C:\Program Files (x86)\Common Files\Acronis\SnapAPI\;C:\WINDOWS\System32\OpenSSH\;C:\Program Files (x86)\AMD\ATI.ACE\Core-Static;C:\StrawberryPerl\c\bin;C:\StrawberryPerl\perl\site\bin;C:\StrawberryPerl\perl\bin;C:\Users\Jackson\AppData\Local\Microsoft\WindowsApps;C:\Program Files\JetBrains\PyCharm Community Edition 2020.1\bin;;C:\StrawberryPerl\perl\bin;C:\Users\Jackson\AppData\Local\Programs\Python\Python38\Scripts;C:\Users\Jackson\AppData\Local\Programs\Python\Python38;;C:\Program Files (x86)\Common Files\Acronis\TibMounter64
USERNAME=Jackson
OS=Windows_NT
PROCESSOR_IDENTIFIER=Intel64 Family 6 Model 30 Stepping 5, GenuineIntel



---------------  S Y S T E M  ---------------

OS: Windows 10.0 , 64 bit Build 17134 (10.0.17134.753)

CPU:total 4 (initial active 4) (4 cores per cpu, 1 threads per core) family 6 model 30 stepping 5, cmov, cx8, fxsr, mmx, sse, sse2, sse3, ssse3, sse4.1, sse4.2, popcnt, tsc, tscinvbit

Memory: 4k page, physical 8379828k(1372888k free), swap 8379828k(4588k free)

vm_info: OpenJDK 64-Bit Server VM (25.152-b01) for windows-amd64 JRE (1.8.0_152-release-1343-b01), built by "builder" with MS VC++ 10.0 (VS2010)

time: Wed May 13 09:14:09 2020
elapsed time: 12 seconds (0d 0h 0m 12s)

